{"meta": {"format": 3, "version": "7.12.0", "timestamp": "2025-12-13T16:28:40.666004", "branch_coverage": false, "show_contexts": false}, "files": {"app/__init__.py": {"executed_lines": [0], "summary": {"covered_lines": 0, "num_statements": 0, "percent_covered": 100.0, "percent_covered_display": "100", "missing_lines": 0, "excluded_lines": 0, "percent_statements_covered": 100.0, "percent_statements_covered_display": "100"}, "missing_lines": [], "excluded_lines": [], "functions": {"": {"executed_lines": [], "summary": {"covered_lines": 0, "num_statements": 0, "percent_covered": 100.0, "percent_covered_display": "100", "missing_lines": 0, "excluded_lines": 0, "percent_statements_covered": 100.0, "percent_statements_covered_display": "100"}, "missing_lines": [], "excluded_lines": []}}, "classes": {"": {"executed_lines": [], "summary": {"covered_lines": 0, "num_statements": 0, "percent_covered": 100.0, "percent_covered_display": "100", "missing_lines": 0, "excluded_lines": 0, "percent_statements_covered": 100.0, "percent_statements_covered_display": "100"}, "missing_lines": [], "excluded_lines": []}}}, "app/api/__init__.py": {"executed_lines": [0], "summary": {"covered_lines": 0, "num_statements": 0, "percent_covered": 100.0, "percent_covered_display": "100", "missing_lines": 0, "excluded_lines": 0, "percent_statements_covered": 100.0, "percent_statements_covered_display": "100"}, "missing_lines": [], "excluded_lines": [], "functions": {"": {"executed_lines": [], "summary": {"covered_lines": 0, "num_statements": 0, "percent_covered": 100.0, "percent_covered_display": "100", "missing_lines": 0, "excluded_lines": 0, "percent_statements_covered": 100.0, "percent_statements_covered_display": "100"}, "missing_lines": [], "excluded_lines": []}}, "classes": {"": {"executed_lines": [], "summary": {"covered_lines": 0, "num_statements": 0, "percent_covered": 100.0, "percent_covered_display": "100", "missing_lines": 0, "excluded_lines": 0, "percent_statements_covered": 100.0, "percent_statements_covered_display": "100"}, "missing_lines": [], "excluded_lines": []}}}, "app/api/v1/__init__.py": {"executed_lines": [1, 2, 3, 4, 6, 8, 9, 10, 11, 12, 13, 14, 15, 16], "summary": {"covered_lines": 14, "num_statements": 14, "percent_covered": 100.0, "percent_covered_display": "100", "missing_lines": 0, "excluded_lines": 0, "percent_statements_covered": 100.0, "percent_statements_covered_display": "100"}, "missing_lines": [], "excluded_lines": [], "functions": {"": {"executed_lines": [1, 2, 3, 4, 6, 8, 9, 10, 11, 12, 13, 14, 15, 16], "summary": {"covered_lines": 14, "num_statements": 14, "percent_covered": 100.0, "percent_covered_display": "100", "missing_lines": 0, "excluded_lines": 0, "percent_statements_covered": 100.0, "percent_statements_covered_display": "100"}, "missing_lines": [], "excluded_lines": []}}, "classes": {"": {"executed_lines": [1, 2, 3, 4, 6, 8, 9, 10, 11, 12, 13, 14, 15, 16], "summary": {"covered_lines": 14, "num_statements": 14, "percent_covered": 100.0, "percent_covered_display": "100", "missing_lines": 0, "excluded_lines": 0, "percent_statements_covered": 100.0, "percent_statements_covered_display": "100"}, "missing_lines": [], "excluded_lines": []}}}, "app/api/v1/admin.py": {"executed_lines": [1, 2, 3, 4, 5, 6, 7, 13, 14, 15, 16, 21, 23, 25, 27, 28, 29, 30, 31, 38, 48, 49, 53, 55, 56, 58, 61, 62, 67, 68, 70, 85, 86, 92, 93, 94, 95, 97, 102, 112, 119, 120, 121, 128, 129, 135, 137, 138, 139, 142, 143, 144, 145, 146, 147, 153, 154, 162, 163, 170, 171, 172, 173, 176, 177, 178, 180, 181, 182, 188, 189, 197, 198, 204, 205, 206, 209, 210, 211, 224, 225, 232, 234, 235, 236, 239, 240, 241, 244, 248, 249, 250, 251, 252, 259, 264, 265, 266, 267, 273, 274, 282, 283, 290, 294, 295, 297, 298, 299, 303, 304, 311, 312, 313, 314, 316, 317, 318, 320, 321, 322, 323, 324, 325, 333, 334, 341, 342, 343, 344, 346, 347, 348, 350, 351, 352, 353, 354, 355, 363, 364, 369, 370, 372, 395, 396, 404, 405, 406, 408, 410, 413, 414, 415, 420, 421, 422, 423, 426, 427, 428, 429, 430, 441, 466, 467, 474, 475, 476, 477, 480, 483, 488, 489, 490, 492, 493, 496, 497, 498, 499, 500, 511, 527, 528, 536, 537, 543, 544, 545, 546, 552, 557, 562, 563, 564, 565, 566, 575, 576, 581, 582, 584, 602, 603, 610, 611, 612, 614, 615, 616, 617, 618, 620, 621, 628, 629, 630, 632, 633, 634, 636, 637, 638, 640, 641, 647, 648, 649, 650, 654, 660, 661, 662, 663, 664, 673, 674, 679, 680, 681, 682, 683, 684, 685, 687, 696, 703, 704, 710, 711, 712, 713, 715, 716, 717, 719, 724, 725, 732, 733, 740, 742, 743, 744, 747, 748, 749, 752, 756, 760, 766, 767, 768, 770, 777, 778, 786, 787, 794, 795, 799, 800, 802, 803, 804, 805, 806, 814, 815], "summary": {"covered_lines": 290, "num_statements": 369, "percent_covered": 78.59078590785907, "percent_covered_display": "79", "missing_lines": 79, "excluded_lines": 0, "percent_statements_covered": 78.59078590785907, "percent_statements_covered_display": "79"}, "missing_lines": [32, 33, 34, 35, 36, 79, 80, 122, 123, 155, 156, 157, 190, 191, 192, 207, 212, 213, 214, 215, 216, 275, 276, 277, 326, 327, 328, 356, 357, 358, 388, 389, 416, 418, 457, 458, 459, 460, 461, 484, 485, 529, 530, 531, 567, 568, 569, 596, 597, 665, 666, 667, 697, 698, 726, 727, 757, 779, 780, 781, 807, 808, 809, 822, 823, 824, 825, 827, 828, 830, 831, 833, 834, 836, 842, 843, 844, 845, 846], "excluded_lines": [], "functions": {"_parse_config": {"executed_lines": [27, 28, 29, 30, 31], "summary": {"covered_lines": 5, "num_statements": 10, "percent_covered": 50.0, "percent_covered_display": "50", "missing_lines": 5, "excluded_lines": 0, "percent_statements_covered": 50.0, "percent_statements_covered_display": "50"}, "missing_lines": [32, 33, 34, 35, 36], "excluded_lines": []}, "require_admin": {"executed_lines": [48, 49, 53], "summary": {"covered_lines": 3, "num_statements": 3, "percent_covered": 100.0, "percent_covered_display": "100", "missing_lines": 0, "excluded_lines": 0, "percent_statements_covered": 100.0, "percent_statements_covered_display": "100"}, "missing_lines": [], "excluded_lines": []}, "admin_root": {"executed_lines": [58], "summary": {"covered_lines": 1, "num_statements": 1, "percent_covered": 100.0, "percent_covered_display": "100", "missing_lines": 0, "excluded_lines": 0, "percent_statements_covered": 100.0, "percent_statements_covered_display": "100"}, "missing_lines": [], "excluded_lines": []}, "get_roles": {"executed_lines": [67, 68, 70], "summary": {"covered_lines": 3, "num_statements": 5, "percent_covered": 60.0, "percent_covered_display": "60", "missing_lines": 2, "excluded_lines": 0, "percent_statements_covered": 60.0, "percent_statements_covered_display": "60"}, "missing_lines": [79, 80], "excluded_lines": []}, "get_role": {"executed_lines": [92, 93, 94, 95, 97, 102, 112, 119, 120, 121], "summary": {"covered_lines": 10, "num_statements": 12, "percent_covered": 83.33333333333333, "percent_covered_display": "83", "missing_lines": 2, "excluded_lines": 0, "percent_statements_covered": 83.33333333333333, "percent_statements_covered_display": "83"}, "missing_lines": [122, 123], "excluded_lines": []}, "create_role": {"executed_lines": [135, 137, 138, 139, 142, 143, 144, 145, 146, 147, 153, 154], "summary": {"covered_lines": 12, "num_statements": 15, "percent_covered": 80.0, "percent_covered_display": "80", "missing_lines": 3, "excluded_lines": 0, "percent_statements_covered": 80.0, "percent_statements_covered_display": "80"}, "missing_lines": [155, 156, 157], "excluded_lines": []}, "update_role": {"executed_lines": [170, 171, 172, 173, 176, 177, 178, 180, 181, 182, 188, 189], "summary": {"covered_lines": 12, "num_statements": 15, "percent_covered": 80.0, "percent_covered_display": "80", "missing_lines": 3, "excluded_lines": 0, "percent_statements_covered": 80.0, "percent_statements_covered_display": "80"}, "missing_lines": [190, 191, 192], "excluded_lines": []}, "delete_role": {"executed_lines": [204, 205, 206, 209, 210, 211], "summary": {"covered_lines": 6, "num_statements": 12, "percent_covered": 50.0, "percent_covered_display": "50", "missing_lines": 6, "excluded_lines": 0, "percent_statements_covered": 50.0, "percent_statements_covered_display": "50"}, "missing_lines": [207, 212, 213, 214, 215, 216], "excluded_lines": []}, "assign_catalogue_permission": {"executed_lines": [232, 234, 235, 236, 239, 240, 241, 244, 248, 249, 250, 251, 252, 259, 264, 265, 266, 267, 273, 274], "summary": {"covered_lines": 20, "num_statements": 23, "percent_covered": 86.95652173913044, "percent_covered_display": "87", "missing_lines": 3, "excluded_lines": 0, "percent_statements_covered": 86.95652173913044, "percent_statements_covered_display": "87"}, "missing_lines": [275, 276, 277], "excluded_lines": []}, "remove_catalogue_permission": {"executed_lines": [290, 294, 295, 297, 298, 299], "summary": {"covered_lines": 6, "num_statements": 6, "percent_covered": 100.0, "percent_covered_display": "100", "missing_lines": 0, "excluded_lines": 0, "percent_statements_covered": 100.0, "percent_statements_covered_display": "100"}, "missing_lines": [], "excluded_lines": []}, "reorder_category": {"executed_lines": [311, 312, 313, 314, 316, 317, 318, 320, 321, 322, 323, 324, 325], "summary": {"covered_lines": 13, "num_statements": 16, "percent_covered": 81.25, "percent_covered_display": "81", "missing_lines": 3, "excluded_lines": 0, "percent_statements_covered": 81.25, "percent_statements_covered_display": "81"}, "missing_lines": [326, 327, 328], "excluded_lines": []}, "reorder_catalogue": {"executed_lines": [341, 342, 343, 344, 346, 347, 348, 350, 351, 352, 353, 354, 355], "summary": {"covered_lines": 13, "num_statements": 16, "percent_covered": 81.25, "percent_covered_display": "81", "missing_lines": 3, "excluded_lines": 0, "percent_statements_covered": 81.25, "percent_statements_covered_display": "81"}, "missing_lines": [356, 357, 358], "excluded_lines": []}, "get_all_catalogues": {"executed_lines": [369, 370, 372], "summary": {"covered_lines": 3, "num_statements": 5, "percent_covered": 60.0, "percent_covered_display": "60", "missing_lines": 2, "excluded_lines": 0, "percent_statements_covered": 60.0, "percent_statements_covered_display": "60"}, "missing_lines": [388, 389], "excluded_lines": []}, "create_catalogue": {"executed_lines": [404, 405, 406, 408, 410, 413, 414, 415, 420, 421, 422, 423, 426, 427, 428, 429, 430, 441], "summary": {"covered_lines": 18, "num_statements": 25, "percent_covered": 72.0, "percent_covered_display": "72", "missing_lines": 7, "excluded_lines": 0, "percent_statements_covered": 72.0, "percent_statements_covered_display": "72"}, "missing_lines": [416, 418, 457, 458, 459, 460, 461], "excluded_lines": []}, "update_catalogue": {"executed_lines": [474, 475, 476, 477, 480, 483, 488, 489, 490, 492, 493, 496, 497, 498, 499, 500, 511, 527, 528], "summary": {"covered_lines": 19, "num_statements": 24, "percent_covered": 79.16666666666667, "percent_covered_display": "79", "missing_lines": 5, "excluded_lines": 0, "percent_statements_covered": 79.16666666666667, "percent_statements_covered_display": "79"}, "missing_lines": [484, 485, 529, 530, 531], "excluded_lines": []}, "delete_catalogue": {"executed_lines": [543, 544, 545, 546, 552, 557, 562, 563, 564, 565, 566], "summary": {"covered_lines": 11, "num_statements": 14, "percent_covered": 78.57142857142857, "percent_covered_display": "79", "missing_lines": 3, "excluded_lines": 0, "percent_statements_covered": 78.57142857142857, "percent_statements_covered_display": "79"}, "missing_lines": [567, 568, 569], "excluded_lines": []}, "get_all_categories": {"executed_lines": [581, 582, 584], "summary": {"covered_lines": 3, "num_statements": 5, "percent_covered": 60.0, "percent_covered_display": "60", "missing_lines": 2, "excluded_lines": 0, "percent_statements_covered": 60.0, "percent_statements_covered_display": "60"}, "missing_lines": [596, 597], "excluded_lines": []}, "create_category": {"executed_lines": [610, 611, 612, 614, 615, 616, 617, 618], "summary": {"covered_lines": 8, "num_statements": 8, "percent_covered": 100.0, "percent_covered_display": "100", "missing_lines": 0, "excluded_lines": 0, "percent_statements_covered": 100.0, "percent_statements_covered_display": "100"}, "missing_lines": [], "excluded_lines": []}, "update_category": {"executed_lines": [628, 629, 630, 632, 633, 634, 636, 637, 638], "summary": {"covered_lines": 9, "num_statements": 9, "percent_covered": 100.0, "percent_covered_display": "100", "missing_lines": 0, "excluded_lines": 0, "percent_statements_covered": 100.0, "percent_statements_covered_display": "100"}, "missing_lines": [], "excluded_lines": []}, "delete_category": {"executed_lines": [647, 648, 649, 650, 654, 660, 661, 662, 663, 664], "summary": {"covered_lines": 10, "num_statements": 13, "percent_covered": 76.92307692307692, "percent_covered_display": "77", "missing_lines": 3, "excluded_lines": 0, "percent_statements_covered": 76.92307692307692, "percent_statements_covered_display": "77"}, "missing_lines": [665, 666, 667], "excluded_lines": []}, "get_all_users": {"executed_lines": [679, 680, 681, 682, 683, 684, 685, 687, 696], "summary": {"covered_lines": 9, "num_statements": 11, "percent_covered": 81.81818181818181, "percent_covered_display": "82", "missing_lines": 2, "excluded_lines": 0, "percent_statements_covered": 81.81818181818181, "percent_statements_covered_display": "82"}, "missing_lines": [697, 698], "excluded_lines": []}, "get_user_roles": {"executed_lines": [710, 711, 712, 713, 715, 716, 717, 719, 724, 725], "summary": {"covered_lines": 10, "num_statements": 12, "percent_covered": 83.33333333333333, "percent_covered_display": "83", "missing_lines": 2, "excluded_lines": 0, "percent_statements_covered": 83.33333333333333, "percent_statements_covered_display": "83"}, "missing_lines": [726, 727], "excluded_lines": []}, "assign_role_to_user": {"executed_lines": [740, 742, 743, 744, 747, 748, 749, 752, 756, 760, 766, 767, 768, 770, 777, 778], "summary": {"covered_lines": 16, "num_statements": 20, "percent_covered": 80.0, "percent_covered_display": "80", "missing_lines": 4, "excluded_lines": 0, "percent_statements_covered": 80.0, "percent_statements_covered_display": "80"}, "missing_lines": [757, 779, 780, 781], "excluded_lines": []}, "remove_role_from_user": {"executed_lines": [794, 795, 799, 800, 802, 803, 804, 805, 806], "summary": {"covered_lines": 9, "num_statements": 12, "percent_covered": 75.0, "percent_covered_display": "75", "missing_lines": 3, "excluded_lines": 0, "percent_statements_covered": 75.0, "percent_statements_covered_display": "75"}, "missing_lines": [807, 808, 809], "excluded_lines": []}, "update_user_status": {"executed_lines": [], "summary": {"covered_lines": 0, "num_statements": 16, "percent_covered": 0.0, "percent_covered_display": "0", "missing_lines": 16, "excluded_lines": 0, "percent_statements_covered": 0.0, "percent_statements_covered_display": "0"}, "missing_lines": [822, 823, 824, 825, 827, 828, 830, 831, 833, 834, 836, 842, 843, 844, 845, 846], "excluded_lines": []}, "": {"executed_lines": [1, 2, 3, 4, 5, 6, 7, 13, 14, 15, 16, 21, 23, 25, 38, 55, 56, 61, 62, 85, 86, 128, 129, 162, 163, 197, 198, 224, 225, 282, 283, 303, 304, 333, 334, 363, 364, 395, 396, 466, 467, 536, 537, 575, 576, 602, 603, 620, 621, 640, 641, 673, 674, 703, 704, 732, 733, 786, 787, 814, 815], "summary": {"covered_lines": 61, "num_statements": 61, "percent_covered": 100.0, "percent_covered_display": "100", "missing_lines": 0, "excluded_lines": 0, "percent_statements_covered": 100.0, "percent_statements_covered_display": "100"}, "missing_lines": [], "excluded_lines": []}}, "classes": {"": {"executed_lines": [1, 2, 3, 4, 5, 6, 7, 13, 14, 15, 16, 21, 23, 25, 27, 28, 29, 30, 31, 38, 48, 49, 53, 55, 56, 58, 61, 62, 67, 68, 70, 85, 86, 92, 93, 94, 95, 97, 102, 112, 119, 120, 121, 128, 129, 135, 137, 138, 139, 142, 143, 144, 145, 146, 147, 153, 154, 162, 163, 170, 171, 172, 173, 176, 177, 178, 180, 181, 182, 188, 189, 197, 198, 204, 205, 206, 209, 210, 211, 224, 225, 232, 234, 235, 236, 239, 240, 241, 244, 248, 249, 250, 251, 252, 259, 264, 265, 266, 267, 273, 274, 282, 283, 290, 294, 295, 297, 298, 299, 303, 304, 311, 312, 313, 314, 316, 317, 318, 320, 321, 322, 323, 324, 325, 333, 334, 341, 342, 343, 344, 346, 347, 348, 350, 351, 352, 353, 354, 355, 363, 364, 369, 370, 372, 395, 396, 404, 405, 406, 408, 410, 413, 414, 415, 420, 421, 422, 423, 426, 427, 428, 429, 430, 441, 466, 467, 474, 475, 476, 477, 480, 483, 488, 489, 490, 492, 493, 496, 497, 498, 499, 500, 511, 527, 528, 536, 537, 543, 544, 545, 546, 552, 557, 562, 563, 564, 565, 566, 575, 576, 581, 582, 584, 602, 603, 610, 611, 612, 614, 615, 616, 617, 618, 620, 621, 628, 629, 630, 632, 633, 634, 636, 637, 638, 640, 641, 647, 648, 649, 650, 654, 660, 661, 662, 663, 664, 673, 674, 679, 680, 681, 682, 683, 684, 685, 687, 696, 703, 704, 710, 711, 712, 713, 715, 716, 717, 719, 724, 725, 732, 733, 740, 742, 743, 744, 747, 748, 749, 752, 756, 760, 766, 767, 768, 770, 777, 778, 786, 787, 794, 795, 799, 800, 802, 803, 804, 805, 806, 814, 815], "summary": {"covered_lines": 290, "num_statements": 369, "percent_covered": 78.59078590785907, "percent_covered_display": "79", "missing_lines": 79, "excluded_lines": 0, "percent_statements_covered": 78.59078590785907, "percent_statements_covered_display": "79"}, "missing_lines": [32, 33, 34, 35, 36, 79, 80, 122, 123, 155, 156, 157, 190, 191, 192, 207, 212, 213, 214, 215, 216, 275, 276, 277, 326, 327, 328, 356, 357, 358, 388, 389, 416, 418, 457, 458, 459, 460, 461, 484, 485, 529, 530, 531, 567, 568, 569, 596, 597, 665, 666, 667, 697, 698, 726, 727, 757, 779, 780, 781, 807, 808, 809, 822, 823, 824, 825, 827, 828, 830, 831, 833, 834, 836, 842, 843, 844, 845, 846], "excluded_lines": []}}}, "app/api/v1/auth.py": {"executed_lines": [1, 2, 3, 4, 5, 6, 7, 8, 9, 10, 11, 13, 14, 16, 18, 25, 26, 27, 29, 30, 31, 32, 34, 35, 36, 37, 39, 41, 42, 43, 45, 46, 49, 50, 57, 58, 59, 66, 67, 73, 76, 77, 78, 79, 80, 81, 84, 87, 88, 93, 97, 113, 114, 117, 118, 119, 124, 125, 128, 129, 130, 136, 137, 140, 141, 146, 150, 166, 167, 172, 175, 176, 177, 178, 179, 180, 182], "summary": {"covered_lines": 77, "num_statements": 77, "percent_covered": 100.0, "percent_covered_display": "100", "missing_lines": 0, "excluded_lines": 0, "percent_statements_covered": 100.0, "percent_statements_covered_display": "100"}, "missing_lines": [], "excluded_lines": [], "functions": {"get_current_user": {"executed_lines": [18, 25, 26, 27, 29, 30, 31, 32, 34, 35, 36, 37], "summary": {"covered_lines": 12, "num_statements": 12, "percent_covered": 100.0, "percent_covered_display": "100", "missing_lines": 0, "excluded_lines": 0, "percent_statements_covered": 100.0, "percent_statements_covered_display": "100"}, "missing_lines": [], "excluded_lines": []}, "get_current_active_user": {"executed_lines": [41, 42, 43], "summary": {"covered_lines": 3, "num_statements": 3, "percent_covered": 100.0, "percent_covered_display": "100", "missing_lines": 0, "excluded_lines": 0, "percent_statements_covered": 100.0, "percent_statements_covered_display": "100"}, "missing_lines": [], "excluded_lines": []}, "login": {"executed_lines": [49, 50, 57, 58, 59, 66, 67, 73, 76, 77, 78, 79, 80, 81, 84, 87, 88, 93, 97], "summary": {"covered_lines": 19, "num_statements": 19, "percent_covered": 100.0, "percent_covered_display": "100", "missing_lines": 0, "excluded_lines": 0, "percent_statements_covered": 100.0, "percent_statements_covered_display": "100"}, "missing_lines": [], "excluded_lines": []}, "refresh_token": {"executed_lines": [117, 118, 119, 124, 125, 128, 129, 130, 136, 137, 140, 141, 146, 150], "summary": {"covered_lines": 14, "num_statements": 14, "percent_covered": 100.0, "percent_covered_display": "100", "missing_lines": 0, "excluded_lines": 0, "percent_statements_covered": 100.0, "percent_statements_covered_display": "100"}, "missing_lines": [], "excluded_lines": []}, "read_users_me": {"executed_lines": [172, 175, 176, 177, 178, 179, 180, 182], "summary": {"covered_lines": 8, "num_statements": 8, "percent_covered": 100.0, "percent_covered_display": "100", "missing_lines": 0, "excluded_lines": 0, "percent_statements_covered": 100.0, "percent_statements_covered_display": "100"}, "missing_lines": [], "excluded_lines": []}, "": {"executed_lines": [1, 2, 3, 4, 5, 6, 7, 8, 9, 10, 11, 13, 14, 16, 39, 45, 46, 113, 114, 166, 167], "summary": {"covered_lines": 21, "num_statements": 21, "percent_covered": 100.0, "percent_covered_display": "100", "missing_lines": 0, "excluded_lines": 0, "percent_statements_covered": 100.0, "percent_statements_covered_display": "100"}, "missing_lines": [], "excluded_lines": []}}, "classes": {"": {"executed_lines": [1, 2, 3, 4, 5, 6, 7, 8, 9, 10, 11, 13, 14, 16, 18, 25, 26, 27, 29, 30, 31, 32, 34, 35, 36, 37, 39, 41, 42, 43, 45, 46, 49, 50, 57, 58, 59, 66, 67, 73, 76, 77, 78, 79, 80, 81, 84, 87, 88, 93, 97, 113, 114, 117, 118, 119, 124, 125, 128, 129, 130, 136, 137, 140, 141, 146, 150, 166, 167, 172, 175, 176, 177, 178, 179, 180, 182], "summary": {"covered_lines": 77, "num_statements": 77, "percent_covered": 100.0, "percent_covered_display": "100", "missing_lines": 0, "excluded_lines": 0, "percent_statements_covered": 100.0, "percent_statements_covered_display": "100"}, "missing_lines": [], "excluded_lines": []}}}, "app/api/v1/catalogues.py": {"executed_lines": [1, 2, 3, 4, 5, 6, 7, 8, 9, 10, 11, 13, 15, 18, 19, 22, 23, 25, 26, 29, 35, 37, 38, 64, 65, 71, 77, 80, 83, 84, 85, 86, 88, 90, 91, 111, 112, 118, 119, 120, 122, 123, 125], "summary": {"covered_lines": 43, "num_statements": 56, "percent_covered": 76.78571428571429, "percent_covered_display": "77", "missing_lines": 13, "excluded_lines": 0, "percent_statements_covered": 76.78571428571429, "percent_statements_covered_display": "77"}, "missing_lines": [39, 42, 48, 49, 52, 53, 54, 59, 60, 62, 78, 96, 100], "excluded_lines": [], "functions": {"check_catalogue_permission": {"executed_lines": [18, 19, 22, 23, 25, 26, 29, 35, 37, 38], "summary": {"covered_lines": 10, "num_statements": 20, "percent_covered": 50.0, "percent_covered_display": "50", "missing_lines": 10, "excluded_lines": 0, "percent_statements_covered": 50.0, "percent_statements_covered_display": "50"}, "missing_lines": [39, 42, 48, 49, 52, 53, 54, 59, 60, 62], "excluded_lines": []}, "get_catalogues": {"executed_lines": [71, 77, 80, 83, 84, 85, 86, 88], "summary": {"covered_lines": 8, "num_statements": 9, "percent_covered": 88.88888888888889, "percent_covered_display": "89", "missing_lines": 1, "excluded_lines": 0, "percent_statements_covered": 88.88888888888889, "percent_statements_covered_display": "89"}, "missing_lines": [78], "excluded_lines": []}, "get_categories": {"executed_lines": [], "summary": {"covered_lines": 0, "num_statements": 2, "percent_covered": 0.0, "percent_covered_display": "0", "missing_lines": 2, "excluded_lines": 0, "percent_statements_covered": 0.0, "percent_statements_covered_display": "0"}, "missing_lines": [96, 100], "excluded_lines": []}, "get_catalogue": {"executed_lines": [118, 119, 120, 122, 123, 125], "summary": {"covered_lines": 6, "num_statements": 6, "percent_covered": 100.0, "percent_covered_display": "100", "missing_lines": 0, "excluded_lines": 0, "percent_statements_covered": 100.0, "percent_statements_covered_display": "100"}, "missing_lines": [], "excluded_lines": []}, "": {"executed_lines": [1, 2, 3, 4, 5, 6, 7, 8, 9, 10, 11, 13, 15, 64, 65, 90, 91, 111, 112], "summary": {"covered_lines": 19, "num_statements": 19, "percent_covered": 100.0, "percent_covered_display": "100", "missing_lines": 0, "excluded_lines": 0, "percent_statements_covered": 100.0, "percent_statements_covered_display": "100"}, "missing_lines": [], "excluded_lines": []}}, "classes": {"": {"executed_lines": [1, 2, 3, 4, 5, 6, 7, 8, 9, 10, 11, 13, 15, 18, 19, 22, 23, 25, 26, 29, 35, 37, 38, 64, 65, 71, 77, 80, 83, 84, 85, 86, 88, 90, 91, 111, 112, 118, 119, 120, 122, 123, 125], "summary": {"covered_lines": 43, "num_statements": 56, "percent_covered": 76.78571428571429, "percent_covered_display": "77", "missing_lines": 13, "excluded_lines": 0, "percent_statements_covered": 76.78571428571429, "percent_statements_covered_display": "77"}, "missing_lines": [39, 42, 48, 49, 52, 53, 54, 59, 60, 62, 78, 96, 100], "excluded_lines": []}}}, "app/api/v1/config.py": {"executed_lines": [1, 2, 3, 4, 5, 7, 9, 10, 27, 28], "summary": {"covered_lines": 10, "num_statements": 13, "percent_covered": 76.92307692307692, "percent_covered_display": "77", "missing_lines": 3, "excluded_lines": 0, "percent_statements_covered": 76.92307692307692, "percent_statements_covered_display": "77"}, "missing_lines": [12, 13, 30], "excluded_lines": [], "functions": {"get_app_config_endpoint": {"executed_lines": [], "summary": {"covered_lines": 0, "num_statements": 2, "percent_covered": 0.0, "percent_covered_display": "0", "missing_lines": 2, "excluded_lines": 0, "percent_statements_covered": 0.0, "percent_statements_covered_display": "0"}, "missing_lines": [12, 13], "excluded_lines": []}, "get_environment_config": {"executed_lines": [], "summary": {"covered_lines": 0, "num_statements": 1, "percent_covered": 0.0, "percent_covered_display": "0", "missing_lines": 1, "excluded_lines": 0, "percent_statements_covered": 0.0, "percent_statements_covered_display": "0"}, "missing_lines": [30], "excluded_lines": []}, "": {"executed_lines": [1, 2, 3, 4, 5, 7, 9, 10, 27, 28], "summary": {"covered_lines": 10, "num_statements": 10, "percent_covered": 100.0, "percent_covered_display": "100", "missing_lines": 0, "excluded_lines": 0, "percent_statements_covered": 100.0, "percent_statements_covered_display": "100"}, "missing_lines": [], "excluded_lines": []}}, "classes": {"": {"executed_lines": [1, 2, 3, 4, 5, 7, 9, 10, 27, 28], "summary": {"covered_lines": 10, "num_statements": 13, "percent_covered": 76.92307692307692, "percent_covered_display": "77", "missing_lines": 3, "excluded_lines": 0, "percent_statements_covered": 76.92307692307692, "percent_statements_covered_display": "77"}, "missing_lines": [12, 13, 30], "excluded_lines": []}}}, "app/api/v1/dashboard.py": {"executed_lines": [1, 4, 5, 6, 7, 8, 9, 10, 11, 12, 13, 15, 18, 19, 24, 26, 29, 34, 39, 45, 50, 53, 58, 61, 63, 98, 99, 104, 111, 117, 118, 119, 120, 122, 123, 125, 126, 128, 129, 130, 132, 133, 134, 155, 158, 162, 163, 164, 166, 175, 178, 183, 184, 208, 210, 217, 219], "summary": {"covered_lines": 56, "num_statements": 73, "percent_covered": 76.71232876712328, "percent_covered_display": "77", "missing_lines": 17, "excluded_lines": 0, "percent_statements_covered": 76.71232876712328, "percent_statements_covered_display": "77"}, "missing_lines": [87, 88, 142, 147, 148, 153, 167, 168, 173, 185, 187, 188, 190, 205, 206, 211, 212], "excluded_lines": [], "functions": {"get_dashboard_summary": {"executed_lines": [24, 26, 29, 34, 39, 45, 50, 53, 58, 61, 63], "summary": {"covered_lines": 11, "num_statements": 13, "percent_covered": 84.61538461538461, "percent_covered_display": "85", "missing_lines": 2, "excluded_lines": 0, "percent_statements_covered": 84.61538461538461, "percent_statements_covered_display": "85"}, "missing_lines": [87, 88], "excluded_lines": []}, "get_dashboard_health": {"executed_lines": [104, 111, 117, 118, 119, 120, 122, 123, 125, 126, 128, 129, 130, 132, 133, 134, 155, 158, 162, 163, 164, 166, 175, 178, 183, 184, 208, 210, 217, 219], "summary": {"covered_lines": 30, "num_statements": 45, "percent_covered": 66.66666666666667, "percent_covered_display": "67", "missing_lines": 15, "excluded_lines": 0, "percent_statements_covered": 66.66666666666667, "percent_statements_covered_display": "67"}, "missing_lines": [142, 147, 148, 153, 167, 168, 173, 185, 187, 188, 190, 205, 206, 211, 212], "excluded_lines": []}, "": {"executed_lines": [1, 4, 5, 6, 7, 8, 9, 10, 11, 12, 13, 15, 18, 19, 98, 99], "summary": {"covered_lines": 15, "num_statements": 15, "percent_covered": 100.0, "percent_covered_display": "100", "missing_lines": 0, "excluded_lines": 0, "percent_statements_covered": 100.0, "percent_statements_covered_display": "100"}, "missing_lines": [], "excluded_lines": []}}, "classes": {"": {"executed_lines": [1, 4, 5, 6, 7, 8, 9, 10, 11, 12, 13, 15, 18, 19, 24, 26, 29, 34, 39, 45, 50, 53, 58, 61, 63, 98, 99, 104, 111, 117, 118, 119, 120, 122, 123, 125, 126, 128, 129, 130, 132, 133, 134, 155, 158, 162, 163, 164, 166, 175, 178, 183, 184, 208, 210, 217, 219], "summary": {"covered_lines": 56, "num_statements": 73, "percent_covered": 76.71232876712328, "percent_covered_display": "77", "missing_lines": 17, "excluded_lines": 0, "percent_statements_covered": 76.71232876712328, "percent_statements_covered_display": "77"}, "missing_lines": [87, 88, 142, 147, 148, 153, 167, 168, 173, 185, 187, 188, 190, 205, 206, 211, 212], "excluded_lines": []}}}, "app/api/v1/jobs.py": {"executed_lines": [1, 6, 7, 14, 15, 17, 20, 21, 23, 24, 36, 37, 39, 40, 41, 42, 43, 47, 54, 55, 61, 62, 64, 65, 66, 67, 68, 74, 75, 77, 78, 79, 80, 81, 87, 88, 90, 91, 92, 93, 94, 100, 101, 103, 104], "summary": {"covered_lines": 44, "num_statements": 44, "percent_covered": 100.0, "percent_covered_display": "100", "missing_lines": 0, "excluded_lines": 0, "percent_statements_covered": 100.0, "percent_statements_covered_display": "100"}, "missing_lines": [], "excluded_lines": [], "functions": {"list_jobs": {"executed_lines": [23, 24], "summary": {"covered_lines": 2, "num_statements": 2, "percent_covered": 100.0, "percent_covered_display": "100", "missing_lines": 0, "excluded_lines": 0, "percent_statements_covered": 100.0, "percent_statements_covered_display": "100"}, "missing_lines": [], "excluded_lines": []}, "get_job": {"executed_lines": [39, 40, 41, 42, 43, 47, 54, 55], "summary": {"covered_lines": 8, "num_statements": 8, "percent_covered": 100.0, "percent_covered_display": "100", "missing_lines": 0, "excluded_lines": 0, "percent_statements_covered": 100.0, "percent_statements_covered_display": "100"}, "missing_lines": [], "excluded_lines": []}, "pause_job_endpoint": {"executed_lines": [64, 65, 66, 67, 68], "summary": {"covered_lines": 5, "num_statements": 5, "percent_covered": 100.0, "percent_covered_display": "100", "missing_lines": 0, "excluded_lines": 0, "percent_statements_covered": 100.0, "percent_statements_covered_display": "100"}, "missing_lines": [], "excluded_lines": []}, "resume_job_endpoint": {"executed_lines": [77, 78, 79, 80, 81], "summary": {"covered_lines": 5, "num_statements": 5, "percent_covered": 100.0, "percent_covered_display": "100", "missing_lines": 0, "excluded_lines": 0, "percent_statements_covered": 100.0, "percent_statements_covered_display": "100"}, "missing_lines": [], "excluded_lines": []}, "delete_job": {"executed_lines": [90, 91, 92, 93, 94], "summary": {"covered_lines": 5, "num_statements": 5, "percent_covered": 100.0, "percent_covered_display": "100", "missing_lines": 0, "excluded_lines": 0, "percent_statements_covered": 100.0, "percent_statements_covered_display": "100"}, "missing_lines": [], "excluded_lines": []}, "scheduler_status": {"executed_lines": [103, 104], "summary": {"covered_lines": 2, "num_statements": 2, "percent_covered": 100.0, "percent_covered_display": "100", "missing_lines": 0, "excluded_lines": 0, "percent_statements_covered": 100.0, "percent_statements_covered_display": "100"}, "missing_lines": [], "excluded_lines": []}, "": {"executed_lines": [1, 6, 7, 14, 15, 17, 20, 21, 36, 37, 61, 62, 74, 75, 87, 88, 100, 101], "summary": {"covered_lines": 17, "num_statements": 17, "percent_covered": 100.0, "percent_covered_display": "100", "missing_lines": 0, "excluded_lines": 0, "percent_statements_covered": 100.0, "percent_statements_covered_display": "100"}, "missing_lines": [], "excluded_lines": []}}, "classes": {"": {"executed_lines": [1, 6, 7, 14, 15, 17, 20, 21, 23, 24, 36, 37, 39, 40, 41, 42, 43, 47, 54, 55, 61, 62, 64, 65, 66, 67, 68, 74, 75, 77, 78, 79, 80, 81, 87, 88, 90, 91, 92, 93, 94, 100, 101, 103, 104], "summary": {"covered_lines": 44, "num_statements": 44, "percent_covered": 100.0, "percent_covered_display": "100", "missing_lines": 0, "excluded_lines": 0, "percent_statements_covered": 100.0, "percent_statements_covered_display": "100"}, "missing_lines": [], "excluded_lines": []}}}, "app/api/v1/linux/__init__.py": {"executed_lines": [0], "summary": {"covered_lines": 0, "num_statements": 0, "percent_covered": 100.0, "percent_covered_display": "100", "missing_lines": 0, "excluded_lines": 0, "percent_statements_covered": 100.0, "percent_statements_covered_display": "100"}, "missing_lines": [], "excluded_lines": [], "functions": {"": {"executed_lines": [], "summary": {"covered_lines": 0, "num_statements": 0, "percent_covered": 100.0, "percent_covered_display": "100", "missing_lines": 0, "excluded_lines": 0, "percent_statements_covered": 100.0, "percent_statements_covered_display": "100"}, "missing_lines": [], "excluded_lines": []}}, "classes": {"": {"executed_lines": [], "summary": {"covered_lines": 0, "num_statements": 0, "percent_covered": 100.0, "percent_covered_display": "100", "missing_lines": 0, "excluded_lines": 0, "percent_statements_covered": 100.0, "percent_statements_covered_display": "100"}, "missing_lines": [], "excluded_lines": []}}}, "app/api/v1/linux/morning_checklist/__init__.py": {"executed_lines": [1], "summary": {"covered_lines": 1, "num_statements": 1, "percent_covered": 100.0, "percent_covered_display": "100", "missing_lines": 0, "excluded_lines": 0, "percent_statements_covered": 100.0, "percent_statements_covered_display": "100"}, "missing_lines": [], "excluded_lines": [], "functions": {"": {"executed_lines": [1], "summary": {"covered_lines": 1, "num_statements": 1, "percent_covered": 100.0, "percent_covered_display": "100", "missing_lines": 0, "excluded_lines": 0, "percent_statements_covered": 100.0, "percent_statements_covered_display": "100"}, "missing_lines": [], "excluded_lines": []}}, "classes": {"": {"executed_lines": [1], "summary": {"covered_lines": 1, "num_statements": 1, "percent_covered": 100.0, "percent_covered_display": "100", "missing_lines": 0, "excluded_lines": 0, "percent_statements_covered": 100.0, "percent_statements_covered_display": "100"}, "missing_lines": [], "excluded_lines": []}}}, "app/api/v1/linux/morning_checklist/api.py": {"executed_lines": [1, 2, 3, 5, 6, 7, 8, 9, 10, 11, 13, 14, 15, 16, 17, 18, 19, 36, 39, 40, 43, 49, 50, 52, 54, 57, 58, 59, 60, 61, 64, 70, 74, 75, 78, 79, 98, 99, 101, 102, 103, 105, 106, 107, 108, 109, 110, 119, 128, 129, 139, 140, 141, 143, 146, 147, 152, 153, 159, 160, 161, 163, 164, 165, 166, 168, 169, 170, 175, 176, 181, 183, 187, 189, 190, 197, 198, 199, 200, 201, 205, 217, 218, 226, 227, 229, 230, 236, 237, 238, 239, 241, 242, 243, 244, 245, 246, 247, 251, 258, 260, 261, 262, 263, 264, 265, 271, 272, 274, 276, 277, 280, 283, 284, 293, 294, 296, 297, 299, 302, 303, 308, 315, 316, 319, 321, 324, 325, 344, 347, 348, 354, 355, 356, 358, 364, 365, 371, 372, 374, 377, 378, 381, 382, 389, 394, 397, 406, 407, 420, 421, 424, 425, 432, 437, 440, 443, 448, 449, 451, 452, 454, 455, 458, 459, 464, 468, 472, 479, 480, 483, 492, 493, 507, 508, 514, 515, 521, 527, 534, 543, 544, 547, 548, 553, 559, 562, 563, 564, 567, 568, 573, 579, 582, 583, 585, 592, 593, 604, 610, 612, 629, 638, 657, 659, 662, 664, 666, 670, 672, 675, 677, 678, 679, 680, 695, 700, 701, 706, 713, 732, 733, 741, 743, 751, 752], "summary": {"covered_lines": 226, "num_statements": 278, "percent_covered": 81.29496402877697, "percent_covered_display": "81", "missing_lines": 52, "excluded_lines": 0, "percent_statements_covered": 81.29496402877697, "percent_statements_covered_display": "81"}, "missing_lines": [51, 53, 82, 83, 84, 86, 95, 162, 171, 172, 184, 185, 202, 203, 204, 206, 207, 209, 210, 211, 212, 213, 214, 248, 249, 278, 309, 310, 311, 312, 313, 320, 322, 357, 375, 395, 438, 469, 481, 529, 530, 531, 560, 580, 614, 658, 660, 663, 665, 667, 671, 673], "excluded_lines": [], "functions": {"_get_prev_date": {"executed_lines": [40], "summary": {"covered_lines": 1, "num_statements": 1, "percent_covered": 100.0, "percent_covered_display": "100", "missing_lines": 0, "excluded_lines": 0, "percent_statements_covered": 100.0, "percent_statements_covered_display": "100"}, "missing_lines": [], "excluded_lines": []}, "_load_rows": {"executed_lines": [49, 50, 52, 54], "summary": {"covered_lines": 4, "num_statements": 6, "percent_covered": 66.66666666666667, "percent_covered_display": "67", "missing_lines": 2, "excluded_lines": 0, "percent_statements_covered": 66.66666666666667, "percent_statements_covered_display": "67"}, "missing_lines": [51, 53], "excluded_lines": []}, "_build_host_maps": {"executed_lines": [58, 59, 60, 61], "summary": {"covered_lines": 4, "num_statements": 4, "percent_covered": 100.0, "percent_covered_display": "100", "missing_lines": 0, "excluded_lines": 0, "percent_statements_covered": 100.0, "percent_statements_covered_display": "100"}, "missing_lines": [], "excluded_lines": []}, "_compare_host": {"executed_lines": [70, 74, 75, 78, 79, 98, 99, 101, 102, 103, 105, 106, 107, 108, 109, 110, 119, 128, 129, 139, 140, 141, 143], "summary": {"covered_lines": 23, "num_statements": 28, "percent_covered": 82.14285714285714, "percent_covered_display": "82", "missing_lines": 5, "excluded_lines": 0, "percent_statements_covered": 82.14285714285714, "percent_statements_covered_display": "82"}, "missing_lines": [82, 83, 84, 86, 95], "excluded_lines": []}, "get_application_owner_mapping": {"executed_lines": [152, 153, 159, 160, 161, 163, 164, 165, 166, 168, 169, 170], "summary": {"covered_lines": 12, "num_statements": 15, "percent_covered": 80.0, "percent_covered_display": "80", "missing_lines": 3, "excluded_lines": 0, "percent_statements_covered": 80.0, "percent_statements_covered_display": "80"}, "missing_lines": [162, 171, 172], "excluded_lines": []}, "get_last_7_dates": {"executed_lines": [181, 183, 187, 189, 190, 197, 198, 199, 200, 201, 205], "summary": {"covered_lines": 11, "num_statements": 24, "percent_covered": 45.833333333333336, "percent_covered_display": "46", "missing_lines": 13, "excluded_lines": 0, "percent_statements_covered": 45.833333333333336, "percent_statements_covered_display": "46"}, "missing_lines": [184, 185, 202, 203, 204, 206, 207, 209, 210, 211, 212, 213, 214], "excluded_lines": []}, "get_summary": {"executed_lines": [226, 227, 229, 230, 236, 237, 238, 239, 241, 242, 243, 244, 245, 246, 247, 251, 258, 260, 261, 262, 263, 264, 265, 271, 272, 274, 276, 277, 280], "summary": {"covered_lines": 29, "num_statements": 32, "percent_covered": 90.625, "percent_covered_display": "91", "missing_lines": 3, "excluded_lines": 0, "percent_statements_covered": 90.625, "percent_statements_covered_display": "91"}, "missing_lines": [248, 249, 278], "excluded_lines": []}, "get_hostname_details": {"executed_lines": [293, 294, 296, 297, 299, 302, 303, 308, 315, 316, 319, 321, 324, 325, 344], "summary": {"covered_lines": 15, "num_statements": 22, "percent_covered": 68.18181818181819, "percent_covered_display": "68", "missing_lines": 7, "excluded_lines": 0, "percent_statements_covered": 68.18181818181819, "percent_statements_covered_display": "68"}, "missing_lines": [309, 310, 311, 312, 313, 320, 322], "excluded_lines": []}, "get_command_outputs": {"executed_lines": [354, 355, 356, 358], "summary": {"covered_lines": 4, "num_statements": 5, "percent_covered": 80.0, "percent_covered_display": "80", "missing_lines": 1, "excluded_lines": 0, "percent_statements_covered": 80.0, "percent_statements_covered_display": "80"}, "missing_lines": [357], "excluded_lines": []}, "get_diff": {"executed_lines": [371, 372, 374, 377, 378], "summary": {"covered_lines": 5, "num_statements": 6, "percent_covered": 83.33333333333333, "percent_covered_display": "83", "missing_lines": 1, "excluded_lines": 0, "percent_statements_covered": 83.33333333333333, "percent_statements_covered_display": "83"}, "missing_lines": [375], "excluded_lines": []}, "validate_hostname": {"executed_lines": [389, 394, 397, 406, 407, 420, 421], "summary": {"covered_lines": 7, "num_statements": 8, "percent_covered": 87.5, "percent_covered_display": "88", "missing_lines": 1, "excluded_lines": 0, "percent_statements_covered": 87.5, "percent_statements_covered_display": "88"}, "missing_lines": [395], "excluded_lines": []}, "undo_validation": {"executed_lines": [432, 437, 440, 443, 448, 449, 451, 452, 454, 455], "summary": {"covered_lines": 10, "num_statements": 11, "percent_covered": 90.9090909090909, "percent_covered_display": "91", "missing_lines": 1, "excluded_lines": 0, "percent_statements_covered": 90.9090909090909, "percent_statements_covered_display": "91"}, "missing_lines": [438], "excluded_lines": []}, "validate_all": {"executed_lines": [464, 468, 472, 479, 480, 483, 492, 493, 507, 508], "summary": {"covered_lines": 10, "num_statements": 12, "percent_covered": 83.33333333333333, "percent_covered_display": "83", "missing_lines": 2, "excluded_lines": 0, "percent_statements_covered": 83.33333333333333, "percent_statements_covered_display": "83"}, "missing_lines": [469, 481], "excluded_lines": []}, "validate_checklist": {"executed_lines": [521, 527, 534, 543, 544], "summary": {"covered_lines": 5, "num_statements": 8, "percent_covered": 62.5, "percent_covered_display": "62", "missing_lines": 3, "excluded_lines": 0, "percent_statements_covered": 62.5, "percent_statements_covered_display": "62"}, "missing_lines": [529, 530, 531], "excluded_lines": []}, "undo_checklist_validation": {"executed_lines": [553, 559, 562, 563, 564], "summary": {"covered_lines": 5, "num_statements": 6, "percent_covered": 83.33333333333333, "percent_covered_display": "83", "missing_lines": 1, "excluded_lines": 0, "percent_statements_covered": 83.33333333333333, "percent_statements_covered_display": "83"}, "missing_lines": [560], "excluded_lines": []}, "get_checklist_validation_status": {"executed_lines": [573, 579, 582, 583, 585], "summary": {"covered_lines": 5, "num_statements": 6, "percent_covered": 83.33333333333333, "percent_covered_display": "83", "missing_lines": 1, "excluded_lines": 0, "percent_statements_covered": 83.33333333333333, "percent_statements_covered_display": "83"}, "missing_lines": [580], "excluded_lines": []}, "get_validated_hostnames": {"executed_lines": [604, 610, 612, 629, 638, 657, 659, 662, 664, 666, 670, 672, 675, 677, 678, 679, 680, 695], "summary": {"covered_lines": 18, "num_statements": 26, "percent_covered": 69.23076923076923, "percent_covered_display": "69", "missing_lines": 8, "excluded_lines": 0, "percent_statements_covered": 69.23076923076923, "percent_statements_covered_display": "69"}, "missing_lines": [614, 658, 660, 663, 665, 667, 671, 673], "excluded_lines": []}, "get_validation_history": {"executed_lines": [706, 713], "summary": {"covered_lines": 2, "num_statements": 2, "percent_covered": 100.0, "percent_covered_display": "100", "missing_lines": 0, "excluded_lines": 0, "percent_statements_covered": 100.0, "percent_statements_covered_display": "100"}, "missing_lines": [], "excluded_lines": []}, "export_summary": {"executed_lines": [741, 743, 751, 752], "summary": {"covered_lines": 4, "num_statements": 4, "percent_covered": 100.0, "percent_covered_display": "100", "missing_lines": 0, "excluded_lines": 0, "percent_statements_covered": 100.0, "percent_statements_covered_display": "100"}, "missing_lines": [], "excluded_lines": []}, "": {"executed_lines": [1, 2, 3, 5, 6, 7, 8, 9, 10, 11, 13, 14, 15, 16, 17, 18, 19, 36, 39, 43, 57, 64, 146, 147, 175, 176, 217, 218, 283, 284, 347, 348, 364, 365, 381, 382, 424, 425, 458, 459, 514, 515, 547, 548, 567, 568, 592, 593, 700, 701, 732, 733], "summary": {"covered_lines": 52, "num_statements": 52, "percent_covered": 100.0, "percent_covered_display": "100", "missing_lines": 0, "excluded_lines": 0, "percent_statements_covered": 100.0, "percent_statements_covered_display": "100"}, "missing_lines": [], "excluded_lines": []}}, "classes": {"": {"executed_lines": [1, 2, 3, 5, 6, 7, 8, 9, 10, 11, 13, 14, 15, 16, 17, 18, 19, 36, 39, 40, 43, 49, 50, 52, 54, 57, 58, 59, 60, 61, 64, 70, 74, 75, 78, 79, 98, 99, 101, 102, 103, 105, 106, 107, 108, 109, 110, 119, 128, 129, 139, 140, 141, 143, 146, 147, 152, 153, 159, 160, 161, 163, 164, 165, 166, 168, 169, 170, 175, 176, 181, 183, 187, 189, 190, 197, 198, 199, 200, 201, 205, 217, 218, 226, 227, 229, 230, 236, 237, 238, 239, 241, 242, 243, 244, 245, 246, 247, 251, 258, 260, 261, 262, 263, 264, 265, 271, 272, 274, 276, 277, 280, 283, 284, 293, 294, 296, 297, 299, 302, 303, 308, 315, 316, 319, 321, 324, 325, 344, 347, 348, 354, 355, 356, 358, 364, 365, 371, 372, 374, 377, 378, 381, 382, 389, 394, 397, 406, 407, 420, 421, 424, 425, 432, 437, 440, 443, 448, 449, 451, 452, 454, 455, 458, 459, 464, 468, 472, 479, 480, 483, 492, 493, 507, 508, 514, 515, 521, 527, 534, 543, 544, 547, 548, 553, 559, 562, 563, 564, 567, 568, 573, 579, 582, 583, 585, 592, 593, 604, 610, 612, 629, 638, 657, 659, 662, 664, 666, 670, 672, 675, 677, 678, 679, 680, 695, 700, 701, 706, 713, 732, 733, 741, 743, 751, 752], "summary": {"covered_lines": 226, "num_statements": 278, "percent_covered": 81.29496402877697, "percent_covered_display": "81", "missing_lines": 52, "excluded_lines": 0, "percent_statements_covered": 81.29496402877697, "percent_statements_covered_display": "81"}, "missing_lines": [51, 53, 82, 83, 84, 86, 95, 162, 171, 172, 184, 185, 202, 203, 204, 206, 207, 209, 210, 211, 212, 213, 214, 248, 249, 278, 309, 310, 311, 312, 313, 320, 322, 357, 375, 395, 438, 469, 481, 529, 530, 531, 560, 580, 614, 658, 660, 663, 665, 667, 671, 673], "excluded_lines": []}}}, "app/api/v1/menu.py": {"executed_lines": [1, 2, 3, 4, 5, 6, 7, 8, 9, 11, 13, 16, 17, 20, 21, 23, 24, 27, 32, 33, 34, 38, 44, 48, 49, 50, 55, 56, 60, 61, 67, 71, 73, 75, 82, 83, 84, 85, 95, 96, 104], "summary": {"covered_lines": 41, "num_statements": 44, "percent_covered": 93.18181818181819, "percent_covered_display": "93", "missing_lines": 3, "excluded_lines": 0, "percent_statements_covered": 93.18181818181819, "percent_statements_covered_display": "93"}, "missing_lines": [35, 45, 58], "excluded_lines": [], "functions": {"check_catalogue_permission": {"executed_lines": [16, 17, 20, 21, 23, 24, 27, 32, 33, 34, 38, 44, 48, 49, 50, 55, 56], "summary": {"covered_lines": 17, "num_statements": 20, "percent_covered": 85.0, "percent_covered_display": "85", "missing_lines": 3, "excluded_lines": 0, "percent_statements_covered": 85.0, "percent_statements_covered_display": "85"}, "missing_lines": [35, 45, 58], "excluded_lines": []}, "get_menu": {"executed_lines": [67, 71, 73, 75, 82, 83, 84, 85, 95, 96, 104], "summary": {"covered_lines": 11, "num_statements": 11, "percent_covered": 100.0, "percent_covered_display": "100", "missing_lines": 0, "excluded_lines": 0, "percent_statements_covered": 100.0, "percent_statements_covered_display": "100"}, "missing_lines": [], "excluded_lines": []}, "": {"executed_lines": [1, 2, 3, 4, 5, 6, 7, 8, 9, 11, 13, 60, 61], "summary": {"covered_lines": 13, "num_statements": 13, "percent_covered": 100.0, "percent_covered_display": "100", "missing_lines": 0, "excluded_lines": 0, "percent_statements_covered": 100.0, "percent_statements_covered_display": "100"}, "missing_lines": [], "excluded_lines": []}}, "classes": {"": {"executed_lines": [1, 2, 3, 4, 5, 6, 7, 8, 9, 11, 13, 16, 17, 20, 21, 23, 24, 27, 32, 33, 34, 38, 44, 48, 49, 50, 55, 56, 60, 61, 67, 71, 73, 75, 82, 83, 84, 85, 95, 96, 104], "summary": {"covered_lines": 41, "num_statements": 44, "percent_covered": 93.18181818181819, "percent_covered_display": "93", "missing_lines": 3, "excluded_lines": 0, "percent_statements_covered": 93.18181818181819, "percent_statements_covered_display": "93"}, "missing_lines": [35, 45, 58], "excluded_lines": []}}}, "app/api/v1/network/__init__.py": {"executed_lines": [0], "summary": {"covered_lines": 0, "num_statements": 0, "percent_covered": 100.0, "percent_covered_display": "100", "missing_lines": 0, "excluded_lines": 0, "percent_statements_covered": 100.0, "percent_statements_covered_display": "100"}, "missing_lines": [], "excluded_lines": [], "functions": {"": {"executed_lines": [], "summary": {"covered_lines": 0, "num_statements": 0, "percent_covered": 100.0, "percent_covered_display": "100", "missing_lines": 0, "excluded_lines": 0, "percent_statements_covered": 100.0, "percent_statements_covered_display": "100"}, "missing_lines": [], "excluded_lines": []}}, "classes": {"": {"executed_lines": [], "summary": {"covered_lines": 0, "num_statements": 0, "percent_covered": 100.0, "percent_covered_display": "100", "missing_lines": 0, "excluded_lines": 0, "percent_statements_covered": 100.0, "percent_statements_covered_display": "100"}, "missing_lines": [], "excluded_lines": []}}}, "app/api/v1/network/ipam/__init__.py": {"executed_lines": [1], "summary": {"covered_lines": 1, "num_statements": 1, "percent_covered": 100.0, "percent_covered_display": "100", "missing_lines": 0, "excluded_lines": 0, "percent_statements_covered": 100.0, "percent_statements_covered_display": "100"}, "missing_lines": [], "excluded_lines": [], "functions": {"": {"executed_lines": [1], "summary": {"covered_lines": 1, "num_statements": 1, "percent_covered": 100.0, "percent_covered_display": "100", "missing_lines": 0, "excluded_lines": 0, "percent_statements_covered": 100.0, "percent_statements_covered_display": "100"}, "missing_lines": [], "excluded_lines": []}}, "classes": {"": {"executed_lines": [1], "summary": {"covered_lines": 1, "num_statements": 1, "percent_covered": 100.0, "percent_covered_display": "100", "missing_lines": 0, "excluded_lines": 0, "percent_statements_covered": 100.0, "percent_statements_covered_display": "100"}, "missing_lines": [], "excluded_lines": []}}}, "app/api/v1/network/ipam/api.py": {"executed_lines": [1, 2, 3, 4, 5, 6, 7, 8, 9, 14, 16, 17, 19, 20, 24, 25, 27, 28, 29, 30, 31, 34, 39, 75, 77, 78, 82, 83, 84, 85, 87, 88, 91, 92, 93, 94, 97, 98, 99, 103, 110, 111, 115, 116, 117, 148, 149, 153, 154, 157, 158, 163, 164, 166, 175, 176, 177, 179, 180, 181, 182, 183, 185, 186, 187, 188, 189, 190, 192, 206, 208, 209, 227, 228, 229, 233, 254, 255, 265, 267, 268, 270, 271, 278, 280, 281, 282, 292, 294, 295, 302, 303, 307, 308, 309, 310, 311, 312, 315, 320, 321, 323, 325, 326, 327, 329, 332, 333, 334, 335, 338, 339, 341, 349, 352, 353, 360, 362, 363, 365], "summary": {"covered_lines": 120, "num_statements": 148, "percent_covered": 81.08108108108108, "percent_covered_display": "81", "missing_lines": 28, "excluded_lines": 0, "percent_statements_covered": 81.08108108108108, "percent_statements_covered_display": "81"}, "missing_lines": [55, 56, 58, 89, 100, 101, 119, 120, 121, 123, 128, 144, 145, 146, 155, 159, 160, 225, 234, 235, 242, 243, 249, 250, 304, 313, 328, 330], "excluded_lines": [], "functions": {"get_segments": {"executed_lines": [24, 25, 27, 28, 29, 30, 31, 34, 39, 75], "summary": {"covered_lines": 10, "num_statements": 13, "percent_covered": 76.92307692307692, "percent_covered_display": "77", "missing_lines": 3, "excluded_lines": 0, "percent_statements_covered": 76.92307692307692, "percent_statements_covered_display": "77"}, "missing_lines": [55, 56, 58], "excluded_lines": []}, "create_segment": {"executed_lines": [82, 83, 84, 85, 87, 88, 91, 92, 93, 94, 97, 98, 99, 103], "summary": {"covered_lines": 14, "num_statements": 17, "percent_covered": 82.3529411764706, "percent_covered_display": "82", "missing_lines": 3, "excluded_lines": 0, "percent_statements_covered": 82.3529411764706, "percent_statements_covered_display": "82"}, "missing_lines": [89, 100, 101], "excluded_lines": []}, "get_segment": {"executed_lines": [115, 116, 117], "summary": {"covered_lines": 3, "num_statements": 11, "percent_covered": 27.272727272727273, "percent_covered_display": "27", "missing_lines": 8, "excluded_lines": 0, "percent_statements_covered": 27.272727272727273, "percent_statements_covered_display": "27"}, "missing_lines": [119, 120, 121, 123, 128, 144, 145, 146], "excluded_lines": []}, "get_segment_ips": {"executed_lines": [153, 154, 157, 158, 163, 164, 166, 175, 176, 177, 179, 180, 181, 182, 183, 185, 186, 187, 188, 189, 190, 192, 206], "summary": {"covered_lines": 23, "num_statements": 26, "percent_covered": 88.46153846153847, "percent_covered_display": "88", "missing_lines": 3, "excluded_lines": 0, "percent_statements_covered": 88.46153846153847, "percent_statements_covered_display": "88"}, "missing_lines": [155, 159, 160], "excluded_lines": []}, "update_ip_allocation": {"executed_lines": [], "summary": {"covered_lines": 0, "num_statements": 1, "percent_covered": 0.0, "percent_covered_display": "0", "missing_lines": 1, "excluded_lines": 0, "percent_statements_covered": 0.0, "percent_statements_covered_display": "0"}, "missing_lines": [225], "excluded_lines": []}, "log_change": {"executed_lines": [], "summary": {"covered_lines": 0, "num_statements": 6, "percent_covered": 0.0, "percent_covered_display": "0", "missing_lines": 6, "excluded_lines": 0, "percent_statements_covered": 0.0, "percent_statements_covered_display": "0"}, "missing_lines": [234, 235, 242, 243, 249, 250], "excluded_lines": []}, "get_audit_logs": {"executed_lines": [265, 267, 268, 270, 271, 278, 280, 281, 282, 292], "summary": {"covered_lines": 10, "num_statements": 10, "percent_covered": 100.0, "percent_covered_display": "100", "missing_lines": 0, "excluded_lines": 0, "percent_statements_covered": 100.0, "percent_statements_covered_display": "100"}, "missing_lines": [], "excluded_lines": []}, "update_allocation": {"executed_lines": [302, 303, 307, 308, 309, 310, 311, 312, 315, 320, 321, 323, 325, 326, 327, 329, 332, 333, 334, 335, 338, 339, 341, 349, 352, 353, 360, 362, 363, 365], "summary": {"covered_lines": 30, "num_statements": 34, "percent_covered": 88.23529411764706, "percent_covered_display": "88", "missing_lines": 4, "excluded_lines": 0, "percent_statements_covered": 88.23529411764706, "percent_statements_covered_display": "88"}, "missing_lines": [304, 313, 328, 330], "excluded_lines": []}, "": {"executed_lines": [1, 2, 3, 4, 5, 6, 7, 8, 9, 14, 16, 17, 19, 20, 77, 78, 110, 111, 148, 149, 208, 209, 227, 228, 229, 233, 254, 255, 294, 295], "summary": {"covered_lines": 30, "num_statements": 30, "percent_covered": 100.0, "percent_covered_display": "100", "missing_lines": 0, "excluded_lines": 0, "percent_statements_covered": 100.0, "percent_statements_covered_display": "100"}, "missing_lines": [], "excluded_lines": []}}, "classes": {"": {"executed_lines": [1, 2, 3, 4, 5, 6, 7, 8, 9, 14, 16, 17, 19, 20, 24, 25, 27, 28, 29, 30, 31, 34, 39, 75, 77, 78, 82, 83, 84, 85, 87, 88, 91, 92, 93, 94, 97, 98, 99, 103, 110, 111, 115, 116, 117, 148, 149, 153, 154, 157, 158, 163, 164, 166, 175, 176, 177, 179, 180, 181, 182, 183, 185, 186, 187, 188, 189, 190, 192, 206, 208, 209, 227, 228, 229, 233, 254, 255, 265, 267, 268, 270, 271, 278, 280, 281, 282, 292, 294, 295, 302, 303, 307, 308, 309, 310, 311, 312, 315, 320, 321, 323, 325, 326, 327, 329, 332, 333, 334, 335, 338, 339, 341, 349, 352, 353, 360, 362, 363, 365], "summary": {"covered_lines": 120, "num_statements": 148, "percent_covered": 81.08108108108108, "percent_covered_display": "81", "missing_lines": 28, "excluded_lines": 0, "percent_statements_covered": 81.08108108108108, "percent_statements_covered_display": "81"}, "missing_lines": [55, 56, 58, 89, 100, 101, 119, 120, 121, 123, 128, 144, 145, 146, 155, 159, 160, 225, 234, 235, 242, 243, 249, 250, 304, 313, 328, 330], "excluded_lines": []}}}, "app/core/__init__.py": {"executed_lines": [0], "summary": {"covered_lines": 0, "num_statements": 0, "percent_covered": 100.0, "percent_covered_display": "100", "missing_lines": 0, "excluded_lines": 0, "percent_statements_covered": 100.0, "percent_statements_covered_display": "100"}, "missing_lines": [], "excluded_lines": [], "functions": {"": {"executed_lines": [], "summary": {"covered_lines": 0, "num_statements": 0, "percent_covered": 100.0, "percent_covered_display": "100", "missing_lines": 0, "excluded_lines": 0, "percent_statements_covered": 100.0, "percent_statements_covered_display": "100"}, "missing_lines": [], "excluded_lines": []}}, "classes": {"": {"executed_lines": [], "summary": {"covered_lines": 0, "num_statements": 0, "percent_covered": 100.0, "percent_covered_display": "100", "missing_lines": 0, "excluded_lines": 0, "percent_statements_covered": 100.0, "percent_statements_covered_display": "100"}, "missing_lines": [], "excluded_lines": []}}}, "app/core/app_config.py": {"executed_lines": [1, 5, 6, 8, 9, 11, 12, 13, 16, 17, 20, 21, 24, 25, 26, 27, 30, 31, 32, 35, 36, 37, 40, 41, 42, 45, 46, 47, 48, 49, 52, 53, 56, 57, 58, 59, 61, 64, 66, 70], "summary": {"covered_lines": 38, "num_statements": 41, "percent_covered": 92.6829268292683, "percent_covered_display": "93", "missing_lines": 3, "excluded_lines": 0, "percent_statements_covered": 92.6829268292683, "percent_statements_covered_display": "93"}, "missing_lines": [68, 73, 74], "excluded_lines": [], "functions": {"get_app_config": {"executed_lines": [], "summary": {"covered_lines": 0, "num_statements": 1, "percent_covered": 0.0, "percent_covered_display": "0", "missing_lines": 1, "excluded_lines": 0, "percent_statements_covered": 0.0, "percent_statements_covered_display": "0"}, "missing_lines": [68], "excluded_lines": []}, "update_app_config": {"executed_lines": [], "summary": {"covered_lines": 0, "num_statements": 2, "percent_covered": 0.0, "percent_covered_display": "0", "missing_lines": 2, "excluded_lines": 0, "percent_statements_covered": 0.0, "percent_statements_covered_display": "0"}, "missing_lines": [73, 74], "excluded_lines": []}, "": {"executed_lines": [1, 5, 6, 8, 9, 11, 12, 13, 16, 17, 20, 21, 24, 25, 26, 27, 30, 31, 32, 35, 36, 37, 40, 41, 42, 45, 46, 47, 48, 49, 52, 53, 56, 57, 58, 59, 61, 64, 66, 70], "summary": {"covered_lines": 38, "num_statements": 38, "percent_covered": 100.0, "percent_covered_display": "100", "missing_lines": 0, "excluded_lines": 0, "percent_statements_covered": 100.0, "percent_statements_covered_display": "100"}, "missing_lines": [], "excluded_lines": []}}, "classes": {"AppConfig": {"executed_lines": [], "summary": {"covered_lines": 0, "num_statements": 0, "percent_covered": 100.0, "percent_covered_display": "100", "missing_lines": 0, "excluded_lines": 0, "percent_statements_covered": 100.0, "percent_statements_covered_display": "100"}, "missing_lines": [], "excluded_lines": []}, "": {"executed_lines": [1, 5, 6, 8, 9, 11, 12, 13, 16, 17, 20, 21, 24, 25, 26, 27, 30, 31, 32, 35, 36, 37, 40, 41, 42, 45, 46, 47, 48, 49, 52, 53, 56, 57, 58, 59, 61, 64, 66, 70], "summary": {"covered_lines": 38, "num_statements": 41, "percent_covered": 92.6829268292683, "percent_covered_display": "93", "missing_lines": 3, "excluded_lines": 0, "percent_statements_covered": 92.6829268292683, "percent_statements_covered_display": "93"}, "missing_lines": [68, 73, 74], "excluded_lines": []}}}, "app/core/config.py": {"executed_lines": [1, 2, 3, 4, 6, 8, 9, 10, 11, 14, 15, 16, 17, 18, 19, 20, 21, 22, 23, 24, 25, 28, 29, 30, 31, 32, 35, 36, 37, 38, 39, 40, 43, 46, 47, 48, 49, 52, 53, 54, 55, 56, 57, 58, 59, 62, 63, 64, 67, 68, 69, 72, 73, 74, 75, 76, 77, 78, 79, 80, 84, 85, 86, 91, 92, 93, 94, 95, 96, 97, 99, 105, 107, 108, 109, 111, 113, 114, 117, 119, 121, 123, 125, 128, 130, 133, 139, 142, 143, 144, 147, 150, 152, 154, 157, 158], "summary": {"covered_lines": 96, "num_statements": 96, "percent_covered": 100.0, "percent_covered_display": "100", "missing_lines": 0, "excluded_lines": 0, "percent_statements_covered": 100.0, "percent_statements_covered_display": "100"}, "missing_lines": [], "excluded_lines": [], "functions": {"Settings.get_cors_origins": {"executed_lines": [107, 108, 109], "summary": {"covered_lines": 3, "num_statements": 3, "percent_covered": 100.0, "percent_covered_display": "100", "missing_lines": 0, "excluded_lines": 0, "percent_statements_covered": 100.0, "percent_statements_covered_display": "100"}, "missing_lines": [], "excluded_lines": []}, "Settings.get_database_url": {"executed_lines": [113, 114, 117], "summary": {"covered_lines": 3, "num_statements": 3, "percent_covered": 100.0, "percent_covered_display": "100", "missing_lines": 0, "excluded_lines": 0, "percent_statements_covered": 100.0, "percent_statements_covered_display": "100"}, "missing_lines": [], "excluded_lines": []}, "Settings.is_production": {"executed_lines": [121], "summary": {"covered_lines": 1, "num_statements": 1, "percent_covered": 100.0, "percent_covered_display": "100", "missing_lines": 0, "excluded_lines": 0, "percent_statements_covered": 100.0, "percent_statements_covered_display": "100"}, "missing_lines": [], "excluded_lines": []}, "Settings.is_development": {"executed_lines": [125], "summary": {"covered_lines": 1, "num_statements": 1, "percent_covered": 100.0, "percent_covered_display": "100", "missing_lines": 0, "excluded_lines": 0, "percent_statements_covered": 100.0, "percent_statements_covered_display": "100"}, "missing_lines": [], "excluded_lines": []}, "load_settings": {"executed_lines": [130, 133, 139, 142, 143, 144, 147, 150, 152], "summary": {"covered_lines": 9, "num_statements": 9, "percent_covered": 100.0, "percent_covered_display": "100", "missing_lines": 0, "excluded_lines": 0, "percent_statements_covered": 100.0, "percent_statements_covered_display": "100"}, "missing_lines": [], "excluded_lines": []}, "": {"executed_lines": [1, 2, 3, 4, 6, 8, 9, 10, 11, 14, 15, 16, 17, 18, 19, 20, 21, 22, 23, 24, 25, 28, 29, 30, 31, 32, 35, 36, 37, 38, 39, 40, 43, 46, 47, 48, 49, 52, 53, 54, 55, 56, 57, 58, 59, 62, 63, 64, 67, 68, 69, 72, 73, 74, 75, 76, 77, 78, 79, 80, 84, 85, 86, 91, 92, 93, 94, 95, 96, 97, 99, 105, 111, 119, 123, 128, 154, 157, 158], "summary": {"covered_lines": 79, "num_statements": 79, "percent_covered": 100.0, "percent_covered_display": "100", "missing_lines": 0, "excluded_lines": 0, "percent_statements_covered": 100.0, "percent_statements_covered_display": "100"}, "missing_lines": [], "excluded_lines": []}}, "classes": {"Settings": {"executed_lines": [107, 108, 109, 113, 114, 117, 121, 125], "summary": {"covered_lines": 8, "num_statements": 8, "percent_covered": 100.0, "percent_covered_display": "100", "missing_lines": 0, "excluded_lines": 0, "percent_statements_covered": 100.0, "percent_statements_covered_display": "100"}, "missing_lines": [], "excluded_lines": []}, "": {"executed_lines": [1, 2, 3, 4, 6, 8, 9, 10, 11, 14, 15, 16, 17, 18, 19, 20, 21, 22, 23, 24, 25, 28, 29, 30, 31, 32, 35, 36, 37, 38, 39, 40, 43, 46, 47, 48, 49, 52, 53, 54, 55, 56, 57, 58, 59, 62, 63, 64, 67, 68, 69, 72, 73, 74, 75, 76, 77, 78, 79, 80, 84, 85, 86, 91, 92, 93, 94, 95, 96, 97, 99, 105, 111, 119, 123, 128, 130, 133, 139, 142, 143, 144, 147, 150, 152, 154, 157, 158], "summary": {"covered_lines": 88, "num_statements": 88, "percent_covered": 100.0, "percent_covered_display": "100", "missing_lines": 0, "excluded_lines": 0, "percent_statements_covered": 100.0, "percent_statements_covered_display": "100"}, "missing_lines": [], "excluded_lines": []}}}, "app/core/database.py": {"executed_lines": [1, 2, 6, 7, 8, 9, 10, 11, 12, 13, 15, 18, 19, 21, 32, 34, 36, 37, 38, 39, 47, 89, 92, 93, 94, 102, 116, 120, 122, 125, 126, 127, 129, 130, 132, 135, 166, 191], "summary": {"covered_lines": 38, "num_statements": 172, "percent_covered": 22.093023255813954, "percent_covered_display": "22", "missing_lines": 134, "excluded_lines": 0, "percent_statements_covered": 22.093023255813954, "percent_statements_covered_display": "22"}, "missing_lines": [24, 25, 26, 27, 28, 29, 30, 35, 40, 41, 42, 43, 44, 45, 50, 51, 53, 54, 55, 56, 58, 67, 68, 69, 71, 73, 74, 75, 76, 77, 78, 80, 81, 82, 83, 84, 85, 87, 103, 104, 105, 106, 108, 109, 110, 113, 117, 118, 128, 137, 138, 140, 141, 142, 143, 144, 145, 146, 147, 148, 149, 151, 152, 153, 154, 155, 157, 158, 159, 160, 162, 163, 164, 168, 169, 170, 171, 172, 173, 174, 175, 176, 177, 180, 181, 183, 184, 185, 187, 188, 189, 193, 194, 196, 197, 198, 200, 201, 202, 203, 204, 205, 206, 207, 208, 209, 210, 211, 213, 214, 215, 216, 217, 218, 219, 220, 221, 222, 223, 225, 227, 228, 229, 230, 231, 233, 234, 235, 236, 238, 239, 240, 241, 242], "excluded_lines": [], "functions": {"reset_engine": {"executed_lines": [], "summary": {"covered_lines": 0, "num_statements": 7, "percent_covered": 0.0, "percent_covered_display": "0", "missing_lines": 7, "excluded_lines": 0, "percent_statements_covered": 0.0, "percent_statements_covered_display": "0"}, "missing_lines": [24, 25, 26, 27, 28, 29, 30], "excluded_lines": []}, "test_connection": {"executed_lines": [34, 36, 37, 38, 39], "summary": {"covered_lines": 5, "num_statements": 12, "percent_covered": 41.666666666666664, "percent_covered_display": "42", "missing_lines": 7, "excluded_lines": 0, "percent_statements_covered": 41.666666666666664, "percent_statements_covered_display": "42"}, "missing_lines": [35, 40, 41, 42, 43, 44, 45], "excluded_lines": []}, "reconnect_with_retry": {"executed_lines": [], "summary": {"covered_lines": 0, "num_statements": 24, "percent_covered": 0.0, "percent_covered_display": "0", "missing_lines": 24, "excluded_lines": 0, "percent_statements_covered": 0.0, "percent_statements_covered_display": "0"}, "missing_lines": [50, 51, 53, 54, 55, 56, 58, 67, 68, 69, 71, 73, 74, 75, 76, 77, 78, 80, 81, 82, 83, 84, 85, 87], "excluded_lines": []}, "get_engine": {"executed_lines": [92, 93, 94, 102, 116, 120], "summary": {"covered_lines": 6, "num_statements": 16, "percent_covered": 37.5, "percent_covered_display": "38", "missing_lines": 10, "excluded_lines": 0, "percent_statements_covered": 37.5, "percent_statements_covered_display": "38"}, "missing_lines": [103, 104, 105, 106, 108, 109, 110, 113, 117, 118], "excluded_lines": []}, "get_session_local": {"executed_lines": [125, 126, 127, 129, 130], "summary": {"covered_lines": 5, "num_statements": 6, "percent_covered": 83.33333333333333, "percent_covered_display": "83", "missing_lines": 1, "excluded_lines": 0, "percent_statements_covered": 83.33333333333333, "percent_statements_covered_display": "83"}, "missing_lines": [128], "excluded_lines": []}, "SessionLocal": {"executed_lines": [], "summary": {"covered_lines": 0, "num_statements": 24, "percent_covered": 0.0, "percent_covered_display": "0", "missing_lines": 24, "excluded_lines": 0, "percent_statements_covered": 0.0, "percent_statements_covered_display": "0"}, "missing_lines": [137, 138, 140, 141, 142, 143, 144, 145, 146, 147, 148, 149, 151, 152, 153, 154, 155, 157, 158, 159, 160, 162, 163, 164], "excluded_lines": []}, "with_reconnect": {"executed_lines": [], "summary": {"covered_lines": 0, "num_statements": 3, "percent_covered": 0.0, "percent_covered_display": "0", "missing_lines": 3, "excluded_lines": 0, "percent_statements_covered": 0.0, "percent_statements_covered_display": "0"}, "missing_lines": [168, 169, 189], "excluded_lines": []}, "with_reconnect.wrapper": {"executed_lines": [], "summary": {"covered_lines": 0, "num_statements": 15, "percent_covered": 0.0, "percent_covered_display": "0", "missing_lines": 15, "excluded_lines": 0, "percent_statements_covered": 0.0, "percent_statements_covered_display": "0"}, "missing_lines": [170, 171, 172, 173, 174, 175, 176, 177, 180, 181, 183, 184, 185, 187, 188], "excluded_lines": []}, "get_db": {"executed_lines": [], "summary": {"covered_lines": 0, "num_statements": 43, "percent_covered": 0.0, "percent_covered_display": "0", "missing_lines": 43, "excluded_lines": 0, "percent_statements_covered": 0.0, "percent_statements_covered_display": "0"}, "missing_lines": [193, 194, 196, 197, 198, 200, 201, 202, 203, 204, 205, 206, 207, 208, 209, 210, 211, 213, 214, 215, 216, 217, 218, 219, 220, 221, 222, 223, 225, 227, 228, 229, 230, 231, 233, 234, 235, 236, 238, 239, 240, 241, 242], "excluded_lines": []}, "": {"executed_lines": [1, 2, 6, 7, 8, 9, 10, 11, 12, 13, 15, 18, 19, 21, 32, 47, 89, 122, 132, 135, 166, 191], "summary": {"covered_lines": 22, "num_statements": 22, "percent_covered": 100.0, "percent_covered_display": "100", "missing_lines": 0, "excluded_lines": 0, "percent_statements_covered": 100.0, "percent_statements_covered_display": "100"}, "missing_lines": [], "excluded_lines": []}}, "classes": {"": {"executed_lines": [1, 2, 6, 7, 8, 9, 10, 11, 12, 13, 15, 18, 19, 21, 32, 34, 36, 37, 38, 39, 47, 89, 92, 93, 94, 102, 116, 120, 122, 125, 126, 127, 129, 130, 132, 135, 166, 191], "summary": {"covered_lines": 38, "num_statements": 172, "percent_covered": 22.093023255813954, "percent_covered_display": "22", "missing_lines": 134, "excluded_lines": 0, "percent_statements_covered": 22.093023255813954, "percent_statements_covered_display": "22"}, "missing_lines": [24, 25, 26, 27, 28, 29, 30, 35, 40, 41, 42, 43, 44, 45, 50, 51, 53, 54, 55, 56, 58, 67, 68, 69, 71, 73, 74, 75, 76, 77, 78, 80, 81, 82, 83, 84, 85, 87, 103, 104, 105, 106, 108, 109, 110, 113, 117, 118, 128, 137, 138, 140, 141, 142, 143, 144, 145, 146, 147, 148, 149, 151, 152, 153, 154, 155, 157, 158, 159, 160, 162, 163, 164, 168, 169, 170, 171, 172, 173, 174, 175, 176, 177, 180, 181, 183, 184, 185, 187, 188, 189, 193, 194, 196, 197, 198, 200, 201, 202, 203, 204, 205, 206, 207, 208, 209, 210, 211, 213, 214, 215, 216, 217, 218, 219, 220, 221, 222, 223, 225, 227, 228, 229, 230, 231, 233, 234, 235, 236, 238, 239, 240, 241, 242], "excluded_lines": []}}}, "app/core/logging_config.py": {"executed_lines": [1, 6, 7, 8, 9, 10, 11, 12, 13, 15, 18, 19, 22, 23, 25, 26, 27, 29, 32, 46, 47, 50, 51, 52, 55, 56, 64, 73, 74, 75, 78, 79, 80, 81, 83, 86, 87, 89, 92, 99, 100, 104, 105, 108, 111, 114, 117, 120, 123, 124, 127, 128, 131, 134, 135, 136, 137, 140, 141, 142, 144, 145, 146, 147, 150, 151, 152, 153, 154, 157, 158, 160, 171, 173, 177, 179, 182, 184, 187, 189, 192, 197, 199, 200], "summary": {"covered_lines": 81, "num_statements": 86, "percent_covered": 94.18604651162791, "percent_covered_display": "94", "missing_lines": 5, "excluded_lines": 0, "percent_statements_covered": 94.18604651162791, "percent_statements_covered_display": "94"}, "missing_lines": [48, 101, 106, 112, 194], "excluded_lines": [], "functions": {"JSONFormatter.__init__": {"executed_lines": [26, 27], "summary": {"covered_lines": 2, "num_statements": 2, "percent_covered": 100.0, "percent_covered_display": "100", "missing_lines": 0, "excluded_lines": 0, "percent_statements_covered": 100.0, "percent_statements_covered_display": "100"}, "missing_lines": [], "excluded_lines": []}, "JSONFormatter.format": {"executed_lines": [32, 46, 47, 50, 51, 52, 55, 56, 64, 73, 74, 75, 78, 79, 80, 81, 83], "summary": {"covered_lines": 17, "num_statements": 18, "percent_covered": 94.44444444444444, "percent_covered_display": "94", "missing_lines": 1, "excluded_lines": 0, "percent_statements_covered": 94.44444444444444, "percent_statements_covered_display": "94"}, "missing_lines": [48], "excluded_lines": []}, "StandardFormatter.format": {"executed_lines": [92, 99, 100, 104, 105, 108, 111, 114], "summary": {"covered_lines": 8, "num_statements": 11, "percent_covered": 72.72727272727273, "percent_covered_display": "73", "missing_lines": 3, "excluded_lines": 0, "percent_statements_covered": 72.72727272727273, "percent_statements_covered_display": "73"}, "missing_lines": [101, 106, 112], "excluded_lines": []}, "setup_logging": {"executed_lines": [120, 123, 124, 127, 128, 131, 134, 135, 136, 137, 140, 141, 142, 144, 145, 146, 147, 150, 151, 152, 153, 154, 157, 158, 160], "summary": {"covered_lines": 25, "num_statements": 25, "percent_covered": 100.0, "percent_covered_display": "100", "missing_lines": 0, "excluded_lines": 0, "percent_statements_covered": 100.0, "percent_statements_covered_display": "100"}, "missing_lines": [], "excluded_lines": []}, "get_logger": {"executed_lines": [173], "summary": {"covered_lines": 1, "num_statements": 1, "percent_covered": 100.0, "percent_covered_display": "100", "missing_lines": 0, "excluded_lines": 0, "percent_statements_covered": 100.0, "percent_statements_covered_display": "100"}, "missing_lines": [], "excluded_lines": []}, "set_request_id": {"executed_lines": [179], "summary": {"covered_lines": 1, "num_statements": 1, "percent_covered": 100.0, "percent_covered_display": "100", "missing_lines": 0, "excluded_lines": 0, "percent_statements_covered": 100.0, "percent_statements_covered_display": "100"}, "missing_lines": [], "excluded_lines": []}, "get_request_id": {"executed_lines": [184], "summary": {"covered_lines": 1, "num_statements": 1, "percent_covered": 100.0, "percent_covered_display": "100", "missing_lines": 0, "excluded_lines": 0, "percent_statements_covered": 100.0, "percent_statements_covered_display": "100"}, "missing_lines": [], "excluded_lines": []}, "set_user": {"executed_lines": [189], "summary": {"covered_lines": 1, "num_statements": 1, "percent_covered": 100.0, "percent_covered_display": "100", "missing_lines": 0, "excluded_lines": 0, "percent_statements_covered": 100.0, "percent_statements_covered_display": "100"}, "missing_lines": [], "excluded_lines": []}, "get_user": {"executed_lines": [], "summary": {"covered_lines": 0, "num_statements": 1, "percent_covered": 0.0, "percent_covered_display": "0", "missing_lines": 1, "excluded_lines": 0, "percent_statements_covered": 0.0, "percent_statements_covered_display": "0"}, "missing_lines": [194], "excluded_lines": []}, "clear_context": {"executed_lines": [199, 200], "summary": {"covered_lines": 2, "num_statements": 2, "percent_covered": 100.0, "percent_covered_display": "100", "missing_lines": 0, "excluded_lines": 0, "percent_statements_covered": 100.0, "percent_statements_covered_display": "100"}, "missing_lines": [], "excluded_lines": []}, "": {"executed_lines": [1, 6, 7, 8, 9, 10, 11, 12, 13, 15, 18, 19, 22, 23, 25, 29, 86, 87, 89, 117, 171, 177, 182, 187, 192, 197], "summary": {"covered_lines": 23, "num_statements": 23, "percent_covered": 100.0, "percent_covered_display": "100", "missing_lines": 0, "excluded_lines": 0, "percent_statements_covered": 100.0, "percent_statements_covered_display": "100"}, "missing_lines": [], "excluded_lines": []}}, "classes": {"JSONFormatter": {"executed_lines": [26, 27, 32, 46, 47, 50, 51, 52, 55, 56, 64, 73, 74, 75, 78, 79, 80, 81, 83], "summary": {"covered_lines": 19, "num_statements": 20, "percent_covered": 95.0, "percent_covered_display": "95", "missing_lines": 1, "excluded_lines": 0, "percent_statements_covered": 95.0, "percent_statements_covered_display": "95"}, "missing_lines": [48], "excluded_lines": []}, "StandardFormatter": {"executed_lines": [92, 99, 100, 104, 105, 108, 111, 114], "summary": {"covered_lines": 8, "num_statements": 11, "percent_covered": 72.72727272727273, "percent_covered_display": "73", "missing_lines": 3, "excluded_lines": 0, "percent_statements_covered": 72.72727272727273, "percent_statements_covered_display": "73"}, "missing_lines": [101, 106, 112], "excluded_lines": []}, "": {"executed_lines": [1, 6, 7, 8, 9, 10, 11, 12, 13, 15, 18, 19, 22, 23, 25, 29, 86, 87, 89, 117, 120, 123, 124, 127, 128, 131, 134, 135, 136, 137, 140, 141, 142, 144, 145, 146, 147, 150, 151, 152, 153, 154, 157, 158, 160, 171, 173, 177, 179, 182, 184, 187, 189, 192, 197, 199, 200], "summary": {"covered_lines": 54, "num_statements": 55, "percent_covered": 98.18181818181819, "percent_covered_display": "98", "missing_lines": 1, "excluded_lines": 0, "percent_statements_covered": 98.18181818181819, "percent_statements_covered_display": "98"}, "missing_lines": [194], "excluded_lines": []}}}, "app/core/middleware.py": {"executed_lines": [1, 4, 5, 6, 7, 8, 9, 10, 11, 12, 14, 21, 22, 24, 27, 28, 30, 32, 35, 38, 39, 41, 44, 46, 47, 48, 49, 51, 52, 54, 55, 63, 66, 68, 69, 71, 73, 74, 75, 77, 78, 79, 80, 81, 82, 83, 89, 91, 101, 103, 104, 106, 107, 108, 109, 110, 113, 116, 117, 122, 123, 125, 126, 127, 128, 131, 132, 133, 135, 136, 137, 138, 139, 142, 143, 144, 147, 148, 150, 151, 153, 154, 157, 161, 162, 164, 165, 170, 174, 176, 178, 179, 180, 181, 183, 185, 190, 191, 192, 193, 194, 195, 198, 216, 217, 220, 221, 223, 224, 225, 228, 229, 230, 231, 234, 247, 252, 275], "summary": {"covered_lines": 115, "num_statements": 149, "percent_covered": 77.18120805369128, "percent_covered_display": "77", "missing_lines": 34, "excluded_lines": 0, "percent_statements_covered": 77.18120805369128, "percent_statements_covered_display": "77"}, "missing_lines": [60, 62, 84, 85, 87, 88, 92, 94, 95, 96, 98, 114, 118, 119, 158, 186, 187, 235, 236, 237, 240, 241, 242, 243, 244, 254, 255, 258, 259, 260, 261, 262, 265, 271], "excluded_lines": [], "functions": {"RequestIDMiddleware.dispatch": {"executed_lines": [32, 35, 38, 39, 41], "summary": {"covered_lines": 5, "num_statements": 5, "percent_covered": 100.0, "percent_covered_display": "100", "missing_lines": 0, "excluded_lines": 0, "percent_statements_covered": 100.0, "percent_statements_covered_display": "100"}, "missing_lines": [], "excluded_lines": []}, "extract_user_from_token": {"executed_lines": [46, 47, 48, 49, 51, 52, 54, 55, 63], "summary": {"covered_lines": 9, "num_statements": 11, "percent_covered": 81.81818181818181, "percent_covered_display": "82", "missing_lines": 2, "excluded_lines": 0, "percent_statements_covered": 81.81818181818181, "percent_statements_covered_display": "82"}, "missing_lines": [60, 62], "excluded_lines": []}, "parse_request_body": {"executed_lines": [68, 69, 71, 73, 74, 75, 77, 78, 79, 80, 81, 82, 83, 89, 91], "summary": {"covered_lines": 15, "num_statements": 24, "percent_covered": 62.5, "percent_covered_display": "62", "missing_lines": 9, "excluded_lines": 0, "percent_statements_covered": 62.5, "percent_statements_covered_display": "62"}, "missing_lines": [84, 85, 87, 88, 92, 94, 95, 96, 98], "excluded_lines": []}, "get_query_params": {"executed_lines": [103, 104, 106, 107, 108, 109, 110, 113, 116, 117], "summary": {"covered_lines": 10, "num_statements": 13, "percent_covered": 76.92307692307692, "percent_covered_display": "77", "missing_lines": 3, "excluded_lines": 0, "percent_statements_covered": 76.92307692307692, "percent_statements_covered_display": "77"}, "missing_lines": [114, 118, 119], "excluded_lines": []}, "LoggingMiddleware.dispatch": {"executed_lines": [126, 127, 128, 131, 132, 133, 135, 136, 137, 138, 139, 142, 143, 144, 147, 148, 150, 151, 153, 154, 157, 161, 162, 164, 165, 170, 174, 176, 178, 179, 180, 181, 183, 185, 190, 191, 192, 193, 194, 195, 198, 216, 217, 220, 221, 223, 224, 225, 228, 229, 230, 231, 234, 247, 252, 275], "summary": {"covered_lines": 56, "num_statements": 76, "percent_covered": 73.6842105263158, "percent_covered_display": "74", "missing_lines": 20, "excluded_lines": 0, "percent_statements_covered": 73.6842105263158, "percent_statements_covered_display": "74"}, "missing_lines": [158, 186, 187, 235, 236, 237, 240, 241, 242, 243, 244, 254, 255, 258, 259, 260, 261, 262, 265, 271], "excluded_lines": []}, "": {"executed_lines": [1, 4, 5, 6, 7, 8, 9, 10, 11, 12, 14, 21, 22, 24, 27, 28, 30, 44, 66, 101, 122, 123, 125], "summary": {"covered_lines": 20, "num_statements": 20, "percent_covered": 100.0, "percent_covered_display": "100", "missing_lines": 0, "excluded_lines": 0, "percent_statements_covered": 100.0, "percent_statements_covered_display": "100"}, "missing_lines": [], "excluded_lines": []}}, "classes": {"RequestIDMiddleware": {"executed_lines": [32, 35, 38, 39, 41], "summary": {"covered_lines": 5, "num_statements": 5, "percent_covered": 100.0, "percent_covered_display": "100", "missing_lines": 0, "excluded_lines": 0, "percent_statements_covered": 100.0, "percent_statements_covered_display": "100"}, "missing_lines": [], "excluded_lines": []}, "LoggingMiddleware": {"executed_lines": [126, 127, 128, 131, 132, 133, 135, 136, 137, 138, 139, 142, 143, 144, 147, 148, 150, 151, 153, 154, 157, 161, 162, 164, 165, 170, 174, 176, 178, 179, 180, 181, 183, 185, 190, 191, 192, 193, 194, 195, 198, 216, 217, 220, 221, 223, 224, 225, 228, 229, 230, 231, 234, 247, 252, 275], "summary": {"covered_lines": 56, "num_statements": 76, "percent_covered": 73.6842105263158, "percent_covered_display": "74", "missing_lines": 20, "ex
[...]
0, 102, 103, 104, 107, 108, 109, 110, 111, 112, 113, 114, 115, 119, 120, 123, 124, 125, 127, 128, 129, 131], "summary": {"covered_lines": 51, "num_statements": 53, "percent_covered": 96.22641509433963, "percent_covered_display": "96", "missing_lines": 2, "excluded_lines": 0, "percent_statements_covered": 96.22641509433963, "percent_statements_covered_display": "96"}, "missing_lines": [116, 117], "excluded_lines": []}, "": {"executed_lines": [1, 2, 3, 4, 5, 6, 7, 9, 12, 25], "summary": {"covered_lines": 10, "num_statements": 10, "percent_covered": 100.0, "percent_covered_display": "100", "missing_lines": 0, "excluded_lines": 0, "percent_statements_covered": 100.0, "percent_statements_covered_display": "100"}, "missing_lines": [], "excluded_lines": []}}, "classes": {"": {"executed_lines": [1, 2, 3, 4, 5, 6, 7, 9, 10, 12, 18, 19, 20, 21, 22, 23, 25, 37, 38, 39, 42, 43, 44, 45, 46, 48, 49, 50, 52, 62, 65, 66, 67, 70, 71, 73, 74, 75, 78, 80, 81, 84, 85, 86, 87, 89, 100, 102, 103, 104, 107, 108, 109, 110, 111, 112, 113, 114, 115, 119, 120, 123, 124, 125, 127, 128, 129, 131], "summary": {"covered_lines": 68, "num_statements": 70, "percent_covered": 97.14285714285714, "percent_covered_display": "97", "missing_lines": 2, "excluded_lines": 0, "percent_statements_covered": 97.14285714285714, "percent_statements_covered_display": "97"}, "missing_lines": [116, 117], "excluded_lines": []}}}, "app/services/scheduler.py": {"executed_lines": [1, 6, 7, 8, 9, 10, 11, 12, 14, 17, 20, 23, 24, 25, 28, 30, 31, 32, 33, 36, 39, 40, 41, 44, 63, 64, 72, 75, 77, 78, 79, 80, 81, 82, 85, 87, 88, 91, 93, 94, 95, 96, 97, 98, 101, 103, 104, 105, 106, 107, 108], "summary": {"covered_lines": 50, "num_statements": 50, "percent_covered": 100.0, "percent_covered_display": "100", "missing_lines": 0, "excluded_lines": 0, "percent_statements_covered": 100.0, "percent_statements_covered_display": "100"}, "missing_lines": [], "excluded_lines": [], "functions": {"get_scheduler": {"executed_lines": [23, 24, 25], "summary": {"covered_lines": 3, "num_statements": 3, "percent_covered": 100.0, "percent_covered_display": "100", "missing_lines": 0, "excluded_lines": 0, "percent_statements_covered": 100.0, "percent_statements_covered_display": "100"}, "missing_lines": [], "excluded_lines": []}, "start_scheduler": {"executed_lines": [30, 31, 32, 33], "summary": {"covered_lines": 4, "num_statements": 4, "percent_covered": 100.0, "percent_covered_display": "100", "missing_lines": 0, "excluded_lines": 0, "percent_statements_covered": 100.0, "percent_statements_covered_display": "100"}, "missing_lines": [], "excluded_lines": []}, "shutdown_scheduler": {"executed_lines": [39, 40, 41], "summary": {"covered_lines": 3, "num_statements": 3, "percent_covered": 100.0, "percent_covered_display": "100", "missing_lines": 0, "excluded_lines": 0, "percent_statements_covered": 100.0, "percent_statements_covered_display": "100"}, "missing_lines": [], "excluded_lines": []}, "add_job": {"executed_lines": [63, 64, 72], "summary": {"covered_lines": 3, "num_statements": 3, "percent_covered": 100.0, "percent_covered_display": "100", "missing_lines": 0, "excluded_lines": 0, "percent_statements_covered": 100.0, "percent_statements_covered_display": "100"}, "missing_lines": [], "excluded_lines": []}, "remove_job": {"executed_lines": [77, 78, 79, 80, 81, 82], "summary": {"covered_lines": 6, "num_statements": 6, "percent_covered": 100.0, "percent_covered_display": "100", "missing_lines": 0, "excluded_lines": 0, "percent_statements_covered": 100.0, "percent_statements_covered_display": "100"}, "missing_lines": [], "excluded_lines": []}, "get_jobs": {"executed_lines": [87, 88], "summary": {"covered_lines": 2, "num_statements": 2, "percent_covered": 100.0, "percent_covered_display": "100", "missing_lines": 0, "excluded_lines": 0, "percent_statements_covered": 100.0, "percent_statements_covered_display": "100"}, "missing_lines": [], "excluded_lines": []}, "pause_job": {"executed_lines": [93, 94, 95, 96, 97, 98], "summary": {"covered_lines": 6, "num_statements": 6, "percent_covered": 100.0, "percent_covered_display": "100", "missing_lines": 0, "excluded_lines": 0, "percent_statements_covered": 100.0, "percent_statements_covered_display": "100"}, "missing_lines": [], "excluded_lines": []}, "resume_job": {"executed_lines": [103, 104, 105, 106, 107, 108], "summary": {"covered_lines": 6, "num_statements": 6, "percent_covered": 100.0, "percent_covered_display": "100", "missing_lines": 0, "excluded_lines": 0, "percent_statements_covered": 100.0, "percent_statements_covered_display": "100"}, "missing_lines": [], "excluded_lines": []}, "": {"executed_lines": [1, 6, 7, 8, 9, 10, 11, 12, 14, 17, 20, 28, 36, 44, 75, 85, 91, 101], "summary": {"covered_lines": 17, "num_statements": 17, "percent_covered": 100.0, "percent_covered_display": "100", "missing_lines": 0, "excluded_lines": 0, "percent_statements_covered": 100.0, "percent_statements_covered_display": "100"}, "missing_lines": [], "excluded_lines": []}}, "classes": {"": {"executed_lines": [1, 6, 7, 8, 9, 10, 11, 12, 14, 17, 20, 23, 24, 25, 28, 30, 31, 32, 33, 36, 39, 40, 41, 44, 63, 64, 72, 75, 77, 78, 79, 80, 81, 82, 85, 87, 88, 91, 93, 94, 95, 96, 97, 98, 101, 103, 104, 105, 106, 107, 108], "summary": {"covered_lines": 50, "num_statements": 50, "percent_covered": 100.0, "percent_covered_display": "100", "missing_lines": 0, "excluded_lines": 0, "percent_statements_covered": 100.0, "percent_statements_covered_display": "100"}, "missing_lines": [], "excluded_lines": []}}}, "app/services/workers/__init__.py": {"executed_lines": [2, 3, 4, 6], "summary": {"covered_lines": 4, "num_statements": 4, "percent_covered": 100.0, "percent_covered_display": "100", "missing_lines": 0, "excluded_lines": 0, "percent_statements_covered": 100.0, "percent_statements_covered_display": "100"}, "missing_lines": [], "excluded_lines": [], "functions": {"": {"executed_lines": [2, 3, 4, 6], "summary": {"covered_lines": 4, "num_statements": 4, "percent_covered": 100.0, "percent_covered_display": "100", "missing_lines": 0, "excluded_lines": 0, "percent_statements_covered": 100.0, "percent_statements_covered_display": "100"}, "missing_lines": [], "excluded_lines": []}}, "classes": {"": {"executed_lines": [2, 3, 4, 6], "summary": {"covered_lines": 4, "num_statements": 4, "percent_covered": 100.0, "percent_covered_display": "100", "missing_lines": 0, "excluded_lines": 0, "percent_statements_covered": 100.0, "percent_statements_covered_display": "100"}, "missing_lines": [], "excluded_lines": []}}}, "app/services/workers/base.py": {"executed_lines": [1, 6, 7, 8, 9, 10, 11, 14, 15, 27, 28, 30, 31, 32, 34, 36, 37, 38, 39, 40, 42, 44, 45, 46, 48, 49, 57, 61, 62, 63, 64, 65, 66, 71, 73, 75, 77, 78, 79, 80, 81, 82, 84], "summary": {"covered_lines": 41, "num_statements": 42, "percent_covered": 97.61904761904762, "percent_covered_display": "98", "missing_lines": 1, "excluded_lines": 0, "percent_statements_covered": 97.61904761904762, "percent_statements_covered_display": "98"}, "missing_lines": [55], "excluded_lines": [], "functions": {"BaseWorker.__init__": {"executed_lines": [31, 32], "summary": {"covered_lines": 2, "num_statements": 2, "percent_covered": 100.0, "percent_covered_display": "100", "missing_lines": 0, "excluded_lines": 0, "percent_statements_covered": 100.0, "percent_statements_covered_display": "100"}, "missing_lines": [], "excluded_lines": []}, "BaseWorker.get_db": {"executed_lines": [36, 37, 38, 39, 40], "summary": {"covered_lines": 5, "num_statements": 5, "percent_covered": 100.0, "percent_covered_display": "100", "missing_lines": 0, "excluded_lines": 0, "percent_statements_covered": 100.0, "percent_statements_covered_display": "100"}, "missing_lines": [], "excluded_lines": []}, "BaseWorker.close_db": {"executed_lines": [44, 45, 46], "summary": {"covered_lines": 3, "num_statements": 3, "percent_covered": 100.0, "percent_covered_display": "100", "missing_lines": 0, "excluded_lines": 0, "percent_statements_covered": 100.0, "percent_statements_covered_display": "100"}, "missing_lines": [], "excluded_lines": []}, "BaseWorker.execute": {"executed_lines": [], "summary": {"covered_lines": 0, "num_statements": 1, "percent_covered": 0.0, "percent_covered_display": "0", "missing_lines": 1, "excluded_lines": 0, "percent_statements_covered": 0.0, "percent_statements_covered_display": "0"}, "missing_lines": [55], "excluded_lines": []}, "BaseWorker.run": {"executed_lines": [61, 62, 63, 64, 65, 66, 71, 73], "summary": {"covered_lines": 8, "num_statements": 8, "percent_covered": 100.0, "percent_covered_display": "100", "missing_lines": 0, "excluded_lines": 0, "percent_statements_covered": 100.0, "percent_statements_covered_display": "100"}, "missing_lines": [], "excluded_lines": []}, "BaseWorker.__call__": {"executed_lines": [77, 78, 79, 80, 81, 82, 84], "summary": {"covered_lines": 7, "num_statements": 7, "percent_covered": 100.0, "percent_covered_display": "100", "missing_lines": 0, "excluded_lines": 0, "percent_statements_covered": 100.0, "percent_statements_covered_display": "100"}, "missing_lines": [], "excluded_lines": []}, "": {"executed_lines": [1, 6, 7, 8, 9, 10, 11, 14, 15, 27, 28, 30, 34, 42, 48, 49, 57, 75], "summary": {"covered_lines": 16, "num_statements": 16, "percent_covered": 100.0, "percent_covered_display": "100", "missing_lines": 0, "excluded_lines": 0, "percent_statements_covered": 100.0, "percent_statements_covered_display": "100"}, "missing_lines": [], "excluded_lines": []}}, "classes": {"BaseWorker": {"executed_lines": [31, 32, 36, 37, 38, 39, 40, 44, 45, 46, 61, 62, 63, 64, 65, 66, 71, 73, 77, 78, 79, 80, 81, 82, 84], "summary": {"covered_lines": 25, "num_statements": 26, "percent_covered": 96.15384615384616, "percent_covered_display": "96", "missing_lines": 1, "excluded_lines": 0, "percent_statements_covered": 96.15384615384616, "percent_statements_covered_display": "96"}, "missing_lines": [55], "excluded_lines": []}, "": {"executed_lines": [1, 6, 7, 8, 9, 10, 11, 14, 15, 27, 28, 30, 34, 42, 48, 49, 57, 75], "summary": {"covered_lines": 16, "num_statements": 16, "percent_covered": 100.0, "percent_covered_display": "100", "missing_lines": 0, "excluded_lines": 0, "percent_statements_covered": 100.0, "percent_statements_covered_display": "100"}, "missing_lines": [], "excluded_lines": []}}}, "app/services/workers/daily_checklist.py": {"executed_lines": [1, 6, 7, 8, 9, 12, 13, 15, 16, 18, 20, 21, 23, 28, 35, 36, 38, 43, 44, 45, 47, 49, 50, 51], "summary": {"covered_lines": 22, "num_statements": 22, "percent_covered": 100.0, "percent_covered_display": "100", "missing_lines": 0, "excluded_lines": 0, "percent_statements_covered": 100.0, "percent_statements_covered_display": "100"}, "missing_lines": [], "excluded_lines": [], "functions": {"DailyChecklistWorker.execute": {"executed_lines": [20, 21, 23, 28, 35, 36, 38, 43, 44, 45, 47, 49, 50, 51], "summary": {"covered_lines": 14, "num_statements": 14, "percent_covered": 100.0, "percent_covered_display": "100", "missing_lines": 0, "excluded_lines": 0, "percent_statements_covered": 100.0, "percent_statements_covered_display": "100"}, "missing_lines": [], "excluded_lines": []}, "": {"executed_lines": [1, 6, 7, 8, 9, 12, 13, 15, 16, 18], "summary": {"covered_lines": 8, "num_statements": 8, "percent_covered": 100.0, "percent_covered_display": "100", "missing_lines": 0, "excluded_lines": 0, "percent_statements_covered": 100.0, "percent_statements_covered_display": "100"}, "missing_lines": [], "excluded_lines": []}}, "classes": {"DailyChecklistWorker": {"executed_lines": [20, 21, 23, 28, 35, 36, 38, 43, 44, 45, 47, 49, 50, 51], "summary": {"covered_lines": 14, "num_statements": 14, "percent_covered": 100.0, "percent_covered_display": "100", "missing_lines": 0, "excluded_lines": 0, "percent_statements_covered": 100.0, "percent_statements_covered_display": "100"}, "missing_lines": [], "excluded_lines": []}, "": {"executed_lines": [1, 6, 7, 8, 9, 12, 13, 15, 16, 18], "summary": {"covered_lines": 8, "num_statements": 8, "percent_covered": 100.0, "percent_covered_display": "100", "missing_lines": 0, "excluded_lines": 0, "percent_statements_covered": 100.0, "percent_statements_covered_display": "100"}, "missing_lines": [], "excluded_lines": []}}}, "app/services/workers/status_checker.py": {"executed_lines": [1, 6, 7, 8, 9, 10, 11, 12, 13, 16, 17, 19, 20, 22, 24, 30, 32, 33, 34, 35, 36, 37, 43, 54, 56, 59, 66, 67, 68, 74, 75, 78, 80, 99, 102, 103, 105, 108, 113, 115, 124, 125, 126, 128, 130, 132, 133, 136, 137, 138, 140, 171, 172, 173, 174, 175, 177, 184, 195], "summary": {"covered_lines": 57, "num_statements": 59, "percent_covered": 96.61016949152543, "percent_covered_display": "97", "missing_lines": 2, "excluded_lines": 0, "percent_statements_covered": 96.61016949152543, "percent_statements_covered_display": "97"}, "missing_lines": [76, 77], "excluded_lines": [], "functions": {"StatusCheckerWorker.execute": {"executed_lines": [24, 30, 32, 33, 34, 35, 36, 37, 43, 54, 56, 59, 66, 67, 68, 74, 75, 78], "summary": {"covered_lines": 18, "num_statements": 20, "percent_covered": 90.0, "percent_covered_display": "90", "missing_lines": 2, "excluded_lines": 0, "percent_statements_covered": 90.0, "percent_statements_covered_display": "90"}, "missing_lines": [76, 77], "excluded_lines": []}, "StatusCheckerWorker._send_status_email": {"executed_lines": [99, 102, 103, 105, 108, 113, 115, 124, 125, 126, 128], "summary": {"covered_lines": 11, "num_statements": 11, "percent_covered": 100.0, "percent_covered_display": "100", "missing_lines": 0, "excluded_lines": 0, "percent_statements_covered": 100.0, "percent_statements_covered_display": "100"}, "missing_lines": [], "excluded_lines": []}, "StatusCheckerWorker._build_status_email_html": {"executed_lines": [132, 133, 136, 137, 138, 140, 171, 172, 173, 174, 175, 177, 184, 195], "summary": {"covered_lines": 14, "num_statements": 14, "percent_covered": 100.0, "percent_covered_display": "100", "missing_lines": 0, "excluded_lines": 0, "percent_statements_covered": 100.0, "percent_statements_covered_display": "100"}, "missing_lines": [], "excluded_lines": []}, "": {"executed_lines": [1, 6, 7, 8, 9, 10, 11, 12, 13, 16, 17, 19, 20, 22, 80, 130], "summary": {"covered_lines": 14, "num_statements": 14, "percent_covered": 100.0, "percent_covered_display": "100", "missing_lines": 0, "excluded_lines": 0, "percent_statements_covered": 100.0, "percent_statements_covered_display": "100"}, "missing_lines": [], "excluded_lines": []}}, "classes": {"StatusCheckerWorker": {"executed_lines": [24, 30, 32, 33, 34, 35, 36, 37, 43, 54, 56, 59, 66, 67, 68, 74, 75, 78, 99, 102, 103, 105, 108, 113, 115, 124, 125, 126, 128, 132, 133, 136, 137, 138, 140, 171, 172, 173, 174, 175, 177, 184, 195], "summary": {"covered_lines": 43, "num_statements": 45, "percent_covered": 95.55555555555556, "percent_covered_display": "96", "missing_lines": 2, "excluded_lines": 0, "percent_statements_covered": 95.55555555555556, "percent_statements_covered_display": "96"}, "missing_lines": [76, 77], "excluded_lines": []}, "": {"executed_lines": [1, 6, 7, 8, 9, 10, 11, 12, 13, 16, 17, 19, 20, 22, 80, 130], "summary": {"covered_lines": 14, "num_statements": 14, "percent_covered": 100.0, "percent_covered_display": "100", "missing_lines": 0, "excluded_lines": 0, "percent_statements_covered": 100.0, "percent_statements_covered_display": "100"}, "missing_lines": [], "excluded_lines": []}}}, "app/services/workers/token_cleaner.py": {"executed_lines": [1, 6, 7, 8, 9, 10, 11, 14, 15, 17, 18, 20, 22, 23, 25, 29, 30, 38, 39, 40, 41], "summary": {"covered_lines": 19, "num_statements": 19, "percent_covered": 100.0, "percent_covered_display": "100", "missing_lines": 0, "excluded_lines": 0, "percent_statements_covered": 100.0, "percent_statements_covered_display": "100"}, "missing_lines": [], "excluded_lines": [], "functions": {"TokenCleanerWorker.execute": {"executed_lines": [22, 23, 25, 29, 30, 38, 39, 40, 41], "summary": {"covered_lines": 9, "num_statements": 9, "percent_covered": 100.0, "percent_covered_display": "100", "missing_lines": 0, "excluded_lines": 0, "percent_statements_covered": 100.0, "percent_statements_covered_display": "100"}, "missing_lines": [], "excluded_lines": []}, "": {"executed_lines": [1, 6, 7, 8, 9, 10, 11, 14, 15, 17, 18, 20], "summary": {"covered_lines": 10, "num_statements": 10, "percent_covered": 100.0, "percent_covered_display": "100", "missing_lines": 0, "excluded_lines": 0, "percent_statements_covered": 100.0, "percent_statements_covered_display": "100"}, "missing_lines": [], "excluded_lines": []}}, "classes": {"TokenCleanerWorker": {"executed_lines": [22, 23, 25, 29, 30, 38, 39, 40, 41], "summary": {"covered_lines": 9, "num_statements": 9, "percent_covered": 100.0, "percent_covered_display": "100", "missing_lines": 0, "excluded_lines": 0, "percent_statements_covered": 100.0, "percent_statements_covered_display": "100"}, "missing_lines": [], "excluded_lines": []}, "": {"executed_lines": [1, 6, 7, 8, 9, 10, 11, 14, 15, 17, 18, 20], "summary": {"covered_lines": 10, "num_statements": 10, "percent_covered": 100.0, "percent_covered_display": "100", "missing_lines": 0, "excluded_lines": 0, "percent_statements_covered": 100.0, "percent_statements_covered_display": "100"}, "missing_lines": [], "excluded_lines": []}}}, "app/utils/__init__.py": {"executed_lines": [1, 4, 6], "summary": {"covered_lines": 2, "num_statements": 2, "percent_covered": 100.0, "percent_covered_display": "100", "missing_lines": 0, "excluded_lines": 0, "percent_statements_covered": 100.0, "percent_statements_covered_display": "100"}, "missing_lines": [], "excluded_lines": [], "functions": {"": {"executed_lines": [1, 4, 6], "summary": {"covered_lines": 2, "num_statements": 2, "percent_covered": 100.0, "percent_covered_display": "100", "missing_lines": 0, "excluded_lines": 0, "percent_statements_covered": 100.0, "percent_statements_covered_display": "100"}, "missing_lines": [], "excluded_lines": []}}, "classes": {"": {"executed_lines": [1, 4, 6], "summary": {"covered_lines": 2, "num_statements": 2, "percent_covered": 100.0, "percent_covered_display": "100", "missing_lines": 0, "excluded_lines": 0, "percent_statements_covered": 100.0, "percent_statements_covered_display": "100"}, "missing_lines": [], "excluded_lines": []}}}, "app/utils/rbac.py": {"executed_lines": [1, 4, 5, 6, 9, 25, 26, 29, 30, 31, 33, 34, 39], "summary": {"covered_lines": 12, "num_statements": 12, "percent_covered": 100.0, "percent_covered_display": "100", "missing_lines": 0, "excluded_lines": 0, "percent_statements_covered": 100.0, "percent_statements_covered_display": "100"}, "missing_lines": [], "excluded_lines": [], "functions": {"is_admin_user": {"executed_lines": [25, 26, 29, 30, 31, 33, 34, 39], "summary": {"covered_lines": 8, "num_statements": 8, "percent_covered": 100.0, "percent_covered_display": "100", "missing_lines": 0, "excluded_lines": 0, "percent_statements_covered": 100.0, "percent_statements_covered_display": "100"}, "missing_lines": [], "excluded_lines": []}, "": {"executed_lines": [1, 4, 5, 6, 9], "summary": {"covered_lines": 4, "num_statements": 4, "percent_covered": 100.0, "percent_covered_display": "100", "missing_lines": 0, "excluded_lines": 0, "percent_statements_covered": 100.0, "percent_statements_covered_display": "100"}, "missing_lines": [], "excluded_lines": []}}, "classes": {"": {"executed_lines": [1, 4, 5, 6, 9, 25, 26, 29, 30, 31, 33, 34, 39], "summary": {"covered_lines": 12, "num_statements": 12, "percent_covered": 100.0, "percent_covered_display": "100", "missing_lines": 0, "excluded_lines": 0, "percent_statements_covered": 100.0, "percent_statements_covered_display": "100"}, "missing_lines": [], "excluded_lines": []}}}}, "totals": {"covered_lines": 2454, "num_statements": 2905, "percent_covered": 84.4750430292599, "percent_covered_display": "84", "missing_lines": 451, "excluded_lines": 0, "percent_statements_covered": 84.4750430292599, "percent_statements_covered_display": "84"}}